<?xml version="1.0" encoding="UTF-8"?>
<!-- Generated by org.testng.reporters.JUnitReportReporter -->
<testsuite hostname="DESKTOP-H290O4K" failures="0" tests="1" name="testCases.WebForms.TC037_WF_RRYN_OneYN_TwoN" time="235.312" errors="0" timestamp="2024-06-28T15:22:00 IST" skipped="0">
  <testcase classname="testCases.WebForms.TC037_WF_RRYN_OneYN_TwoN" name="testWebFormUser" time="235.312"/>
</testsuite> <!-- testCases.WebForms.TC037_WF_RRYN_OneYN_TwoN -->
