<?xml version="1.0" encoding="UTF-8"?>
<!-- Generated by org.testng.reporters.JUnitReportReporter -->
<testsuite hostname="DESKTOP-H290O4K" failures="0" tests="1" name="testCases.ExecuteTask.Notification.TC040_NT_ET_ETRM_MTAfterMinutes" time="1766.030" errors="0" timestamp="2024-05-30T13:19:04 IST" skipped="0">
  <testcase classname="testCases.ExecuteTask.Notification.TC040_NT_ET_ETRM_MTAfterMinutes" name="testET_NT_ETRM_MTAfterMinutes" time="1766.030"/>
</testsuite> <!-- testCases.ExecuteTask.Notification.TC040_NT_ET_ETRM_MTAfterMinutes -->
