<?xml version="1.0" encoding="UTF-8"?>
<!-- Generated by org.testng.reporters.JUnitReportReporter -->
<testsuite hostname="DESKTOP-H290O4K" failures="0" tests="1" name="testCases.WebForms.TC002_WF_RRUserYN_NoCondition" time="467.335" errors="0" timestamp="2024-06-19T16:25:26 IST" skipped="0">
  <testcase classname="testCases.WebForms.TC002_WF_RRUserYN_NoCondition" name="testWFUserAvailYesorNo" time="467.335"/>
</testsuite> <!-- testCases.WebForms.TC002_WF_RRUserYN_NoCondition -->
