<?xml version="1.0" encoding="UTF-8"?>
<!-- Generated by org.testng.reporters.JUnitReportReporter -->
<testsuite hostname="DESKTOP-H290O4K" failures="0" tests="1" name="testCases.ExecuteTask.Notification.TC054_NT_ET_ETRM_DTBeforeDays" time="1315.368" errors="0" timestamp="2024-06-01T17:25:43 IST" skipped="0">
  <testcase classname="testCases.ExecuteTask.Notification.TC054_NT_ET_ETRM_DTBeforeDays" name="testExecuteTask__DTBeforeDays" time="1315.368"/>
</testsuite> <!-- testCases.ExecuteTask.Notification.TC054_NT_ET_ETRM_DTBeforeDays -->
