<?xml version="1.0" encoding="UTF-8"?>
<!-- Generated by org.testng.reporters.JUnitReportReporter -->
<testsuite hostname="DESKTOP-H290O4K" failures="0" tests="1" name="testCases.ExecuteTask.Notification.TC010_NT_ExecuteTask_TimeAfterMinutes" time="909.680" errors="0" timestamp="2024-05-09T13:20:55 IST" skipped="0">
  <testcase classname="testCases.ExecuteTask.Notification.TC010_NT_ExecuteTask_TimeAfterMinutes" name="testExecuteTask_TimeAfterMinutes" time="909.680"/>
</testsuite> <!-- testCases.ExecuteTask.Notification.TC010_NT_ExecuteTask_TimeAfterMinutes -->
