<?xml version="1.0" encoding="UTF-8"?>
<!-- Generated by org.testng.reporters.JUnitReportReporter -->
<testsuite hostname="DESKTOP-T7IEB3S" failures="0" tests="1" name="testCases.TC008_WF2_SN_Daily" time="495.784" errors="0" timestamp="2025-01-03T16:13:27 IST" skipped="0">
  <testcase classname="testCases.TC008_WF2_SN_Daily" name="testScheduleNotify" time="495.784"/>
</testsuite> <!-- testCases.TC008_WF2_SN_Daily -->
