<?xml version="1.0" encoding="UTF-8"?>
<!-- Generated by org.testng.reporters.JUnitReportReporter -->
<testsuite hostname="DESKTOP-T7IEB3S" failures="0" tests="1" name="testCases.TC010_WF4_SN_SpecificDate" time="449.487" errors="0" timestamp="2025-01-02T16:13:19 IST" skipped="0">
  <testcase classname="testCases.TC010_WF4_SN_SpecificDate" name="testScheduleNotify" time="449.487"/>
</testsuite> <!-- testCases.TC010_WF4_SN_SpecificDate -->
