<?xml version="1.0" encoding="UTF-8"?>
<!-- Generated by org.testng.reporters.JUnitReportReporter -->
<testsuite hostname="DESKTOP-H290O4K" failures="0" tests="1" name="testCases.ExecuteTask.Notification.TC021_NT_ET_ETRS_CTAfterDays" time="2063.376" errors="0" timestamp="2024-05-21T13:17:59 IST" skipped="0">
  <testcase classname="testCases.ExecuteTask.Notification.TC021_NT_ET_ETRS_CTAfterDays" name="testExecuteTask_NT_CTAfterHours" time="2063.376"/>
</testsuite> <!-- testCases.ExecuteTask.Notification.TC021_NT_ET_ETRS_CTAfterDays -->
