<?xml version="1.0" encoding="UTF-8"?>
<!-- Generated by org.testng.reporters.JUnitReportReporter -->
<testsuite hostname="DESKTOP-T7IEB3S" failures="0" tests="1" name="testCases.TC001_WF1_Send_Notify_ETR_S" time="2889.507" errors="0" timestamp="2024-07-09T18:20:56 IST" skipped="0">
  <testcase classname="testCases.TC001_WF1_Send_Notify_ETR_S" name="testNotifyETR_S" time="2889.507"/>
</testsuite> <!-- testCases.TC001_WF1_Send_Notify_ETR_S -->
