<?xml version="1.0" encoding="UTF-8"?>
<!-- Generated by org.testng.reporters.JUnitReportReporter -->
<testsuite hostname="DESKTOP-H290O4K" failures="0" tests="1" name="testCases.WebForms.TC010_WF_RRUserYN_OneConditionY" time="307.415" errors="0" timestamp="2024-06-29T15:07:18 IST" skipped="0">
  <testcase classname="testCases.WebForms.TC010_WF_RRUserYN_OneConditionY" name="testWebFormUser" time="307.415"/>
</testsuite> <!-- testCases.WebForms.TC010_WF_RRUserYN_OneConditionY -->
