<?xml version="1.0" encoding="UTF-8"?>
<!-- Generated by org.testng.reporters.JUnitReportReporter -->
<testsuite hostname="DESKTOP-T7IEB3S" failures="0" tests="1" name="testCases.TC016_CreateEntity_OOFS_FailureUpdate" time="1412.055" errors="0" timestamp="2024-07-12T17:17:55 IST" skipped="0">
  <testcase classname="testCases.TC016_CreateEntity_OOFS_FailureUpdate" name="testCreateEntity_OOFS_FailureUpdate" time="1412.055"/>
</testsuite> <!-- testCases.TC016_CreateEntity_OOFS_FailureUpdate -->
