<?xml version="1.0" encoding="UTF-8"?>
<!-- Generated by org.testng.reporters.JUnitReportReporter -->
<testsuite hostname="DESKTOP-H290O4K" failures="0" tests="1" name="testCases.ExecuteTask.Notification.TC052_NT_ET_ETRM_DTBeforeMinutes" time="1316.605" errors="0" timestamp="2024-06-01T16:11:44 IST" skipped="0">
  <testcase classname="testCases.ExecuteTask.Notification.TC052_NT_ET_ETRM_DTBeforeMinutes" name="testExecuteTask__DTBeforeMinutes" time="1316.605"/>
</testsuite> <!-- testCases.ExecuteTask.Notification.TC052_NT_ET_ETRM_DTBeforeMinutes -->
