<?xml version="1.0" encoding="UTF-8"?>
<!-- Generated by org.testng.reporters.JUnitReportReporter -->
<testsuite hostname="DESKTOP-H290O4K" failures="0" tests="1" name="testCases.WebForms.TC009_WF_RRUserN_OneConditionYN" time="240.371" errors="0" timestamp="2024-06-29T14:53:37 IST" skipped="0">
  <testcase classname="testCases.WebForms.TC009_WF_RRUserN_OneConditionYN" name="testWebFormUser" time="240.371"/>
</testsuite> <!-- testCases.WebForms.TC009_WF_RRUserN_OneConditionYN -->
