<?xml version="1.0" encoding="UTF-8"?>
<!-- Generated by org.testng.reporters.JUnitReportReporter -->
<testsuite hostname="DESKTOP-T7IEB3S" failures="0" tests="1" name="testCases.WebForms.TC005_WF_RRUserYN_OneConditionYN" time="463.848" errors="0" timestamp="2024-07-04T13:09:09 IST" skipped="0">
  <testcase classname="testCases.WebForms.TC005_WF_RRUserYN_OneConditionYN" name="testWebFormUser" time="463.848"/>
</testsuite> <!-- testCases.WebForms.TC005_WF_RRUserYN_OneConditionYN -->
