<?xml version="1.0" encoding="UTF-8"?>
<!-- Generated by org.testng.reporters.JUnitReportReporter -->
<testsuite hostname="DESKTOP-H290O4K" failures="0" tests="1" name="testCases.WebForms.TC001_WF_RRUserY_NoCondition" time="150.164" errors="0" timestamp="2024-06-28T18:45:02 IST" skipped="0">
  <testcase classname="testCases.WebForms.TC001_WF_RRUserY_NoCondition" name="testWebFormUser" time="150.164"/>
</testsuite> <!-- testCases.WebForms.TC001_WF_RRUserY_NoCondition -->
