<?xml version="1.0" encoding="UTF-8"?>
<!-- Generated by org.testng.reporters.JUnitReportReporter -->
<testsuite hostname="DESKTOP-H290O4K" failures="0" tests="1" name="testCases.WebForms.TC015_WF_RRN_OneN_TwoY" time="231.276" errors="0" timestamp="2024-06-25T12:54:36 IST" skipped="0">
  <testcase classname="testCases.WebForms.TC015_WF_RRN_OneN_TwoY" name="testWebFormUser" time="231.276"/>
</testsuite> <!-- testCases.WebForms.TC015_WF_RRN_OneN_TwoY -->
