<?xml version="1.0" encoding="UTF-8"?>
<!-- Generated by org.testng.reporters.JUnitReportReporter -->
<testsuite hostname="DESKTOP-T7IEB3S" failures="0" tests="1" name="testCases.TC003_WF3_Send_Notify_ETR_M" time="2001.118" errors="0" timestamp="2024-07-09T16:40:55 IST" skipped="0">
  <testcase classname="testCases.TC003_WF3_Send_Notify_ETR_M" name="testNotify_ETR_M" time="2001.118"/>
</testsuite> <!-- testCases.TC003_WF3_Send_Notify_ETR_M -->
