<?xml version="1.0" encoding="UTF-8"?>
<!-- Generated by org.testng.reporters.JUnitReportReporter -->
<testsuite hostname="DESKTOP-H290O4K" failures="0" tests="1" name="testCases.ExecuteTask.Notification.TC013_NT_ExecuteTask_DTAfterMinutes" time="950.324" errors="0" timestamp="2024-05-10T10:39:45 IST" skipped="0">
  <testcase classname="testCases.ExecuteTask.Notification.TC013_NT_ExecuteTask_DTAfterMinutes" name="testExecuteTask__DTAfterMinutes" time="950.324"/>
</testsuite> <!-- testCases.ExecuteTask.Notification.TC013_NT_ExecuteTask_DTAfterMinutes -->
