<?xml version="1.0" encoding="UTF-8"?>
<!-- Generated by org.testng.reporters.JUnitReportReporter -->
<testsuite hostname="DESKTOP-T7IEB3S" failures="0" tests="1" name="testCases.TC020_CreateEntity_ETRS_DefaultValues" time="1302.172" errors="0" timestamp="2024-07-16T16:41:50 IST" skipped="0">
  <testcase classname="testCases.TC020_CreateEntity_ETRS_DefaultValues" name="testCreateEntity_ETRS_DefaultValues" time="1302.172"/>
</testsuite> <!-- testCases.TC020_CreateEntity_ETRS_DefaultValues -->
