<?xml version="1.0" encoding="UTF-8"?>
<!-- Generated by org.testng.reporters.JUnitReportReporter -->
<testsuite hostname="DESKTOP-H290O4K" failures="0" tests="1" name="testCases.ExecuteTask.Notification.TC037_NT_ET_ETRM_CTAfterMinutes" time="1765.477" errors="0" timestamp="2024-05-29T17:50:41 IST" skipped="0">
  <testcase classname="testCases.ExecuteTask.Notification.TC037_NT_ET_ETRM_CTAfterMinutes" name="testET_NT_ETRS_CTAfterMinutes" time="1765.477"/>
</testsuite> <!-- testCases.ExecuteTask.Notification.TC037_NT_ET_ETRM_CTAfterMinutes -->
