<?xml version="1.0" encoding="UTF-8"?>
<!-- Generated by org.testng.reporters.JUnitReportReporter -->
<testsuite hostname="DESKTOP-H290O4K" failures="0" tests="1" name="testCases.ExecuteTask.Notification.TC003_NT_ET_OOFS_CTAfterDays" time="1781.425" errors="0" timestamp="2025-01-13T14:49:02 IST" skipped="0">
  <testcase classname="testCases.ExecuteTask.Notification.TC003_NT_ET_OOFS_CTAfterDays" name="testExecuteTask_NT_CTAfterHours" time="1781.425"/>
</testsuite> <!-- testCases.ExecuteTask.Notification.TC003_NT_ET_OOFS_CTAfterDays -->
