<?xml version="1.0" encoding="UTF-8"?>
<!-- Generated by org.testng.reporters.JUnitReportReporter -->
<testsuite hostname="DESKTOP-H290O4K" failures="0" tests="1" name="testCases.ExecuteTask.Notification.TC053_NT_ET_ETRM_DTBeforeHours" time="1319.720" errors="0" timestamp="2024-06-01T17:56:37 IST" skipped="0">
  <testcase classname="testCases.ExecuteTask.Notification.TC053_NT_ET_ETRM_DTBeforeHours" name="testExecuteTask__DTBeforeHours" time="1319.720"/>
</testsuite> <!-- testCases.ExecuteTask.Notification.TC053_NT_ET_ETRM_DTBeforeHours -->
