<?xml version="1.0" encoding="UTF-8"?>
<!-- Generated by org.testng.reporters.JUnitReportReporter -->
<testsuite hostname="DESKTOP-H290O4K" failures="0" tests="1" name="testCases.WebForms.TC011_WF_RRUserN_OneConditionN" time="440.000" errors="0" timestamp="2024-06-29T15:35:38 IST" skipped="0">
  <testcase classname="testCases.WebForms.TC011_WF_RRUserN_OneConditionN" name="testWebFormUser" time="440.000"/>
</testsuite> <!-- testCases.WebForms.TC011_WF_RRUserN_OneConditionN -->
