<?xml version="1.0" encoding="UTF-8"?>
<!-- Generated by org.testng.reporters.JUnitReportReporter -->
<testsuite hostname="DESKTOP-H290O4K" failures="0" tests="1" name="testCases.ExecuteTask.Notification.TC049_NT_ET_ETRM_DTAfterMinutes" time="1322.828" errors="0" timestamp="2024-05-31T18:35:40 IST" skipped="0">
  <testcase classname="testCases.ExecuteTask.Notification.TC049_NT_ET_ETRM_DTAfterMinutes" name="testExecuteTask__DTAfterMinutes" time="1322.828"/>
</testsuite> <!-- testCases.ExecuteTask.Notification.TC049_NT_ET_ETRM_DTAfterMinutes -->
