<?xml version="1.0" encoding="UTF-8"?>
<!-- Generated by org.testng.reporters.JUnitReportReporter -->
<testsuite hostname="DESKTOP-H290O4K" failures="0" tests="1" name="testCases.ExecuteTask.Notification.TC051_NT_ET_ETRM_DTAfterDays" time="1311.011" errors="0" timestamp="2024-06-01T14:49:26 IST" skipped="0">
  <testcase classname="testCases.ExecuteTask.Notification.TC051_NT_ET_ETRM_DTAfterDays" name="testExecuteTask__DTAfterDays" time="1311.011"/>
</testsuite> <!-- testCases.ExecuteTask.Notification.TC051_NT_ET_ETRM_DTAfterDays -->
