<?xml version="1.0" encoding="UTF-8"?>
<!-- Generated by org.testng.reporters.JUnitReportReporter -->
<testsuite hostname="DESKTOP-H290O4K" failures="0" tests="1" name="testCases.TC021_CreateEntity_ETRM_DefaultValues" time="844.558" errors="0" timestamp="2024-06-06T13:17:42 IST" skipped="0">
  <testcase classname="testCases.TC021_CreateEntity_ETRM_DefaultValues" name="testCreateEntity_ETRM_DefaultValues" time="844.558"/>
</testsuite> <!-- testCases.TC021_CreateEntity_ETRM_DefaultValues -->
