<?xml version="1.0" encoding="UTF-8"?>
<!-- Generated by org.testng.reporters.JUnitReportReporter -->
<testsuite hostname="DESKTOP-T7IEB3S" failures="0" tests="1" name="testCases.WebForms.TC005_WF_RRUserYN_OneConditionYN" time="344.789" errors="0" timestamp="2024-07-08T12:29:25 IST" skipped="0">
  <testcase classname="testCases.WebForms.TC005_WF_RRUserYN_OneConditionYN" name="testWebFormUser" time="344.789"/>
</testsuite> <!-- testCases.WebForms.TC005_WF_RRUserYN_OneConditionYN -->
