<?xml version="1.0" encoding="UTF-8"?>
<!-- Generated by org.testng.reporters.JUnitReportReporter -->
<testsuite hostname="DESKTOP-T7IEB3S" failures="0" tests="1" name="testCases.WebForms.TC035_WF_RRYN_OneY_TwoYN" time="535.665" errors="0" timestamp="2024-07-06T14:16:25 IST" skipped="0">
  <testcase classname="testCases.WebForms.TC035_WF_RRYN_OneY_TwoYN" name="testWebFormUser" time="535.665"/>
</testsuite> <!-- testCases.WebForms.TC035_WF_RRYN_OneY_TwoYN -->
