<?xml version="1.0" encoding="UTF-8"?>
<!-- Generated by org.testng.reporters.JUnitReportReporter -->
<testsuite hostname="DESKTOP-VBPF5BK" failures="0" tests="1" name="testCases.TC014_CreateEntity_OOFS_DefaultValues" time="840.928" errors="0" timestamp="2024-04-10T12:48:38 IST" skipped="0">
  <testcase classname="testCases.TC014_CreateEntity_OOFS_DefaultValues" name="testCreateEntity_DefaultValues_OOF_S" time="840.928"/>
</testsuite> <!-- testCases.TC014_CreateEntity_OOFS_DefaultValues -->
