<?xml version="1.0" encoding="UTF-8"?>
<!-- Generated by org.testng.reporters.JUnitReportReporter -->
<testsuite hostname="DESKTOP-H290O4K" failures="0" tests="1" name="testCases.TC016_CreateEntity_OOFS_FailureUpdate" time="1339.958" errors="0" timestamp="2024-06-03T16:49:30 IST" skipped="0">
  <testcase classname="testCases.TC016_CreateEntity_OOFS_FailureUpdate" name="testCreateEntity_OOFS_FailureUpdate" time="1339.958"/>
</testsuite> <!-- testCases.TC016_CreateEntity_OOFS_FailureUpdate -->
