<?xml version="1.0" encoding="UTF-8"?>
<!-- Generated by org.testng.reporters.JUnitReportReporter -->
<testsuite hostname="DESKTOP-H290O4K" failures="0" tests="1" name="testCases.WebForms.TC005_WF_RRUserYN_OneConditionYN" time="296.750" errors="0" timestamp="2024-06-29T12:15:04 IST" skipped="0">
  <testcase classname="testCases.WebForms.TC005_WF_RRUserYN_OneConditionYN" name="testWebFormUser" time="296.750"/>
</testsuite> <!-- testCases.WebForms.TC005_WF_RRUserYN_OneConditionYN -->
