<?xml version="1.0" encoding="UTF-8"?>
<!-- Generated by org.testng.reporters.JUnitReportReporter -->
<testsuite hostname="DESKTOP-H290O4K" failures="0" tests="1" name="testCases.TC019_CreateEntity_ETRS_NewValues" time="1991.931" errors="0" timestamp="2024-06-05T11:41:21 IST" skipped="0">
  <testcase classname="testCases.TC019_CreateEntity_ETRS_NewValues" name="testCreateEntity_OOFS_NewValues" time="1991.931"/>
</testsuite> <!-- testCases.TC019_CreateEntity_ETRS_NewValues -->
