<?xml version="1.0" encoding="UTF-8"?>
<!-- Generated by org.testng.reporters.JUnitReportReporter -->
<testsuite hostname="DESKTOP-T7IEB3S" failures="0" tests="1" name="testCases.TC008_WF2_SN_Daily" time="575.433" errors="0" timestamp="2024-07-11T11:22:15 IST" skipped="0">
  <testcase classname="testCases.TC008_WF2_SN_Daily" name="testScheduleNotify" time="575.433"/>
</testsuite> <!-- testCases.TC008_WF2_SN_Daily -->
