<?xml version="1.0" encoding="UTF-8"?>
<!-- Generated by org.testng.reporters.JUnitReportReporter -->
<testsuite hostname="DESKTOP-VBPF5BK" failures="0" tests="1" name="testCases.TC018_CreateEntity_OOFS_MultiUpdOnFailCase" time="2142.307" errors="0" timestamp="2024-04-09T15:39:23 IST" skipped="0">
  <testcase classname="testCases.TC018_CreateEntity_OOFS_MultiUpdOnFailCase" name="tCreateEntity_OOFS_MultiUpdateOnFailCase" time="2142.307"/>
</testsuite> <!-- testCases.TC018_CreateEntity_OOFS_MultiUpdOnFailCase -->
