<?xml version="1.0" encoding="UTF-8"?>
<!-- Generated by org.testng.reporters.JUnitReportReporter -->
<testsuite hostname="DESKTOP-H290O4K" failures="0" tests="1" name="testCases.ExecuteTask.Notification.TC038_NT_ET_ETRM_CTAfterHours" time="1763.537" errors="0" timestamp="2024-05-30T11:59:48 IST" skipped="0">
  <testcase classname="testCases.ExecuteTask.Notification.TC038_NT_ET_ETRM_CTAfterHours" name="testExecuteTask_NT_CTAfterHours" time="1763.537"/>
</testsuite> <!-- testCases.ExecuteTask.Notification.TC038_NT_ET_ETRM_CTAfterHours -->
