<?xml version="1.0" encoding="UTF-8"?>
<!-- Generated by org.testng.reporters.JUnitReportReporter -->
<testsuite hostname="DESKTOP-H290O4K" failures="0" tests="1" name="testCases.TC010_WF4_SN_SpecificDate" time="448.434" errors="0" timestamp="2024-05-28T17:03:47 IST" skipped="0">
  <testcase classname="testCases.TC010_WF4_SN_SpecificDate" name="testScheduleNotify" time="448.434"/>
</testsuite> <!-- testCases.TC010_WF4_SN_SpecificDate -->
