<?xml version="1.0" encoding="UTF-8"?>
<!-- Generated by org.testng.reporters.JUnitReportReporter -->
<testsuite hostname="DESKTOP-VBPF5BK" failures="0" tests="1" name="testCases.TC001_WF1_Send_Notify_ETR_S" time="1849.656" errors="0" timestamp="2024-04-22T18:43:54 IST" skipped="0">
  <testcase classname="testCases.TC001_WF1_Send_Notify_ETR_S" name="testNotifyETR_S" time="1849.656"/>
</testsuite> <!-- testCases.TC001_WF1_Send_Notify_ETR_S -->
