<?xml version="1.0" encoding="UTF-8"?>
<!-- Generated by org.testng.reporters.JUnitReportReporter -->
<testsuite hostname="DESKTOP-H290O4K" failures="0" tests="1" name="testCases.WebForms.TC035_WF_RRYN_OneY_TwoYN" time="136.846" errors="0" timestamp="2024-06-28T14:02:34 IST" skipped="0">
  <testcase classname="testCases.WebForms.TC035_WF_RRYN_OneY_TwoYN" name="testWebFormUser" time="136.846"/>
</testsuite> <!-- testCases.WebForms.TC035_WF_RRYN_OneY_TwoYN -->
