<?xml version="1.0" encoding="UTF-8"?>
<!-- Generated by org.testng.reporters.JUnitReportReporter -->
<testsuite hostname="DESKTOP-H290O4K" failures="0" tests="1" name="testCases.ExecuteTask.Notification.TC036_NT_ET_ETRS_DTBeforeDays" time="1439.853" errors="0" timestamp="2024-05-28T15:56:16 IST" skipped="0">
  <testcase classname="testCases.ExecuteTask.Notification.TC036_NT_ET_ETRS_DTBeforeDays" name="testExecuteTask_ET_NT_ETRS_DTBeforeDays" time="1439.853"/>
</testsuite> <!-- testCases.ExecuteTask.Notification.TC036_NT_ET_ETRS_DTBeforeDays -->
