<?xml version="1.0" encoding="UTF-8"?>
<!-- Generated by org.testng.reporters.JUnitReportReporter -->
<testsuite hostname="DESKTOP-T7IEB3S" failures="0" tests="1" name="testCases.WebForms.TC003_WF_RRUserN_NoCondition" time="514.880" errors="0" timestamp="2024-07-04T12:39:08 IST" skipped="0">
  <testcase classname="testCases.WebForms.TC003_WF_RRUserN_NoCondition" name="testWebFormUser" time="514.880"/>
</testsuite> <!-- testCases.WebForms.TC003_WF_RRUserN_NoCondition -->
