<?xml version="1.0" encoding="UTF-8"?>
<!-- Generated by org.testng.reporters.JUnitReportReporter -->
<testsuite hostname="DESKTOP-T7IEB3S" failures="0" tests="1" name="testCases.TC011_WF5_SN_MonthByDate" time="506.615" errors="0" timestamp="2024-07-11T12:49:57 IST" skipped="0">
  <testcase classname="testCases.TC011_WF5_SN_MonthByDate" name="testScheduleNotify" time="506.615"/>
</testsuite> <!-- testCases.TC011_WF5_SN_MonthByDate -->
