<?xml version="1.0" encoding="UTF-8"?>
<!-- Generated by org.testng.reporters.JUnitReportReporter -->
<testsuite hostname="DESKTOP-H290O4K" failures="0" tests="1" name="testCases.WebForms.TC001_WF_RRUserY_NoCondition" time="361.940" errors="0" timestamp="2024-06-19T15:52:41 IST" skipped="0">
  <testcase classname="testCases.WebForms.TC001_WF_RRUserY_NoCondition" name="testWebFormUser" time="361.940"/>
</testsuite> <!-- testCases.WebForms.TC001_WF_RRUserY_NoCondition -->
