<?xml version="1.0" encoding="UTF-8"?>
<!-- Generated by org.testng.reporters.JUnitReportReporter -->
<testsuite hostname="DESKTOP-H290O4K" failures="0" tests="2" name="testCases.SimpleTest" time="38.188" errors="0" timestamp="2024-05-07T11:15:07 IST" skipped="0">
  <testcase classname="testCases.SimpleTest" name="testphplogout" time="0.000"/>
  <testcase classname="testCases.SimpleTest" name="testDateFunctions" time="38.188"/>
</testsuite> <!-- testCases.SimpleTest -->
