<?xml version="1.0" encoding="UTF-8"?>
<!-- Generated by org.testng.reporters.JUnitReportReporter -->
<testsuite hostname="DESKTOP-T7IEB3S" failures="0" tests="1" name="testCases.TC022_CreateEntity_ETRM_NewValues" time="1617.797" errors="0" timestamp="2024-07-16T17:31:31 IST" skipped="0">
  <testcase classname="testCases.TC022_CreateEntity_ETRM_NewValues" name="testCreateEntity_ETRM_DefaultValues" time="1617.797"/>
</testsuite> <!-- testCases.TC022_CreateEntity_ETRM_NewValues -->
