<?xml version="1.0" encoding="UTF-8"?>
<!-- Generated by org.testng.reporters.JUnitReportReporter -->
<testsuite hostname="DESKTOP-T7IEB3S" failures="0" tests="1" name="testCases.WebForms.TC023_WF_RRY_OneN_TwoYN" time="301.095" errors="0" timestamp="2024-07-06T14:16:25 IST" skipped="0">
  <testcase classname="testCases.WebForms.TC023_WF_RRY_OneN_TwoYN" name="testWebFormUser" time="301.095"/>
</testsuite> <!-- testCases.WebForms.TC023_WF_RRY_OneN_TwoYN -->
