<?xml version="1.0" encoding="UTF-8"?>
<!-- Generated by org.testng.reporters.JUnitReportReporter -->
<testsuite hostname="DESKTOP-T7IEB3S" failures="0" tests="1" name="testCases.WebForms.TC039_WF_RRYN_OneYN_TwoY" time="427.918" errors="0" timestamp="2024-07-08T11:37:22 IST" skipped="0">
  <testcase classname="testCases.WebForms.TC039_WF_RRYN_OneYN_TwoY" name="testWebFormUser" time="427.918"/>
</testsuite> <!-- testCases.WebForms.TC039_WF_RRYN_OneYN_TwoY -->
