<?xml version="1.0" encoding="UTF-8"?>
<!-- Generated by org.testng.reporters.JUnitReportReporter -->
<testsuite hostname="DESKTOP-H290O4K" failures="0" tests="1" name="testCases.TC020_CreateEntity_ETRS_DefaultValues" time="1190.963" errors="0" timestamp="2024-06-05T15:15:02 IST" skipped="0">
  <testcase classname="testCases.TC020_CreateEntity_ETRS_DefaultValues" name="testCreateEntity_ETRS_DefaultValues" time="1190.963"/>
</testsuite> <!-- testCases.TC020_CreateEntity_ETRS_DefaultValues -->
