<?xml version="1.0" encoding="UTF-8"?>
<!-- Generated by org.testng.reporters.JUnitReportReporter -->
<testsuite hostname="DESKTOP-H290O4K" failures="0" tests="1" name="testCases.AddNewUser" time="100.035" errors="0" timestamp="2024-06-18T16:21:53 IST" skipped="0">
  <testcase classname="testCases.AddNewUser" name="testWebFormUser" time="100.035"/>
</testsuite> <!-- testCases.AddNewUser -->
