<?xml version="1.0" encoding="UTF-8"?>
<!-- Generated by org.testng.reporters.JUnitReportReporter -->
<testsuite hostname="DESKTOP-H290O4K" failures="0" tests="1" name="testCases.WebForms.TC038_WF_RRYN_OneYN_TwoYN" time="230.153" errors="0" timestamp="2024-06-28T16:08:52 IST" skipped="0">
  <testcase classname="testCases.WebForms.TC038_WF_RRYN_OneYN_TwoYN" name="testWebFormUser" time="230.153"/>
</testsuite> <!-- testCases.WebForms.TC038_WF_RRYN_OneYN_TwoYN -->
