<?xml version="1.0" encoding="UTF-8"?>
<!-- Generated by org.testng.reporters.JUnitReportReporter -->
<testsuite hostname="DESKTOP-T7IEB3S" failures="0" tests="1" name="testCases.TC009_WF3_SN_Weekly" time="442.828" errors="0" timestamp="2025-01-02T13:31:34 IST" skipped="0">
  <testcase classname="testCases.TC009_WF3_SN_Weekly" name="test_SN_Weekly" time="442.828"/>
</testsuite> <!-- testCases.TC009_WF3_SN_Weekly -->
