<?xml version="1.0" encoding="UTF-8"?>
<!-- Generated by org.testng.reporters.JUnitReportReporter -->
<testsuite hostname="DESKTOP-H290O4K" failures="0" tests="1" name="testCases.WebForms.TC003_WF_NoAvailUsersRR_NoCondition" time="209.905" errors="0" timestamp="2024-06-18T13:20:34 IST" skipped="0">
  <testcase classname="testCases.WebForms.TC003_WF_NoAvailUsersRR_NoCondition" name="testWebFormUser" time="209.905"/>
</testsuite> <!-- testCases.WebForms.TC003_WF_NoAvailUsersRR_NoCondition -->
