<?xml version="1.0" encoding="UTF-8"?>
<!-- Generated by org.testng.reporters.JUnitReportReporter -->
<testsuite hostname="DESKTOP-H290O4K" failures="0" tests="1" name="testCases.WebForms.TC017_WF_RRN_OneY_TwoYN" time="522.280" errors="0" timestamp="2024-06-25T14:58:59 IST" skipped="0">
  <testcase classname="testCases.WebForms.TC017_WF_RRN_OneY_TwoYN" name="testWebFormUser" time="522.280"/>
</testsuite> <!-- testCases.WebForms.TC017_WF_RRN_OneY_TwoYN -->
