<?xml version="1.0" encoding="UTF-8"?>
<!-- Generated by org.testng.reporters.JUnitReportReporter -->
<testsuite hostname="DESKTOP-H290O4K" failures="0" tests="1" name="testCases.WebForms.TC026_WF_RRY_OneY_TwoYN" time="110.050" errors="0" timestamp="2024-06-26T17:06:35 IST" skipped="0">
  <testcase classname="testCases.WebForms.TC026_WF_RRY_OneY_TwoYN" name="testWebFormUser" time="110.050"/>
</testsuite> <!-- testCases.WebForms.TC026_WF_RRY_OneY_TwoYN -->
