<?xml version="1.0" encoding="UTF-8"?>
<!-- Generated by org.testng.reporters.JUnitReportReporter -->
<testsuite hostname="DESKTOP-T7IEB3S" failures="0" tests="1" name="testCases.WebForms.TC004_WF_RRUserY_OneConditionY" time="448.519" errors="0" timestamp="2024-07-04T12:59:31 IST" skipped="0">
  <testcase classname="testCases.WebForms.TC004_WF_RRUserY_OneConditionY" name="testWebFormUser" time="448.519"/>
</testsuite> <!-- testCases.WebForms.TC004_WF_RRUserY_OneConditionY -->
