<?xml version="1.0" encoding="UTF-8"?>
<!-- Generated by org.testng.reporters.JUnitReportReporter -->
<testsuite hostname="DESKTOP-H290O4K" failures="0" tests="1" name="testCases.ExecuteTask.Notification.TC047_NT_ET_ETRM_TimeBeforeHours" time="1461.707" errors="0" timestamp="2024-05-31T16:29:26 IST" skipped="0">
  <testcase classname="testCases.ExecuteTask.Notification.TC047_NT_ET_ETRM_TimeBeforeHours" name="testExecuteTask_TimeBeforeHours" time="1461.707"/>
</testsuite> <!-- testCases.ExecuteTask.Notification.TC047_NT_ET_ETRM_TimeBeforeHours -->
