<?xml version="1.0" encoding="UTF-8"?>
<!-- Generated by org.testng.reporters.JUnitReportReporter -->
<testsuite hostname="DESKTOP-H290O4K" failures="0" tests="1" name="testCases.TC012_WF6_SN_Yearly" time="433.090" errors="0" timestamp="2024-05-29T10:52:45 IST" skipped="0">
  <testcase classname="testCases.TC012_WF6_SN_Yearly" name="testScheduleNotify" time="433.090"/>
</testsuite> <!-- testCases.TC012_WF6_SN_Yearly -->
