<?xml version="1.0" encoding="UTF-8"?>
<!-- Generated by org.testng.reporters.JUnitReportReporter -->
<testsuite hostname="DESKTOP-VBPF5BK" failures="0" tests="1" name="testCases.TC014_CreateEntity_DefaultValues" time="779.383" errors="0" timestamp="2024-04-03T12:06:30 IST" skipped="0">
  <testcase classname="testCases.TC014_CreateEntity_DefaultValues" name="testCreateEntity_DefaultValues_OOF_S" time="779.383"/>
</testsuite> <!-- testCases.TC014_CreateEntity_DefaultValues -->
