<?xml version="1.0" encoding="UTF-8"?>
<!-- Generated by org.testng.reporters.JUnitReportReporter -->
<testsuite hostname="DESKTOP-T7IEB3S" failures="0" tests="1" name="testCases.TC006_WF6_Send_SMS_ETR_M" time="2079.589" errors="0" timestamp="2024-07-10T17:16:33 IST" skipped="0">
  <testcase classname="testCases.TC006_WF6_Send_SMS_ETR_M" name="test_SMS_ETR_M" time="2079.589"/>
</testsuite> <!-- testCases.TC006_WF6_Send_SMS_ETR_M -->
