<?xml version="1.0" encoding="UTF-8"?>
<!-- Generated by org.testng.reporters.JUnitReportReporter -->
<testsuite hostname="DESKTOP-H290O4K" failures="0" tests="1" name="testCases.TC017_CreateEntity_OOFS_MultiSuccessCase" time="2718.768" errors="0" timestamp="2024-06-03T18:44:28 IST" skipped="0">
  <testcase classname="testCases.TC017_CreateEntity_OOFS_MultiSuccessCase" name="testCreateEntity_OOFS_SuccessUpdate" time="2718.768"/>
</testsuite> <!-- testCases.TC017_CreateEntity_OOFS_MultiSuccessCase -->
