<?xml version="1.0" encoding="UTF-8"?>
<!-- Generated by org.testng.reporters.JUnitReportReporter -->
<testsuite hostname="DESKTOP-H290O4K" failures="0" tests="1" name="testCases.ExecuteTask.Notification.TC050_NT_ET_ETRM_DTAfterHours" time="1314.573" errors="0" timestamp="2024-06-01T13:51:10 IST" skipped="0">
  <testcase classname="testCases.ExecuteTask.Notification.TC050_NT_ET_ETRM_DTAfterHours" name="testExecuteTask__DTAfterHours" time="1314.573"/>
</testsuite> <!-- testCases.ExecuteTask.Notification.TC050_NT_ET_ETRM_DTAfterHours -->
