<?xml version="1.0" encoding="UTF-8"?>
<!-- Generated by org.testng.reporters.JUnitReportReporter -->
<testsuite hostname="DESKTOP-H290O4K" failures="0" tests="1" name="testCases.WebForms.TC006_WF_RRUserN_OneConditionY" time="195.955" errors="0" timestamp="2024-06-29T12:45:21 IST" skipped="0">
  <testcase classname="testCases.WebForms.TC006_WF_RRUserN_OneConditionY" name="testWebFormUser" time="195.955"/>
</testsuite> <!-- testCases.WebForms.TC006_WF_RRUserN_OneConditionY -->
