<?xml version="1.0" encoding="UTF-8"?>
<!-- Generated by org.testng.reporters.JUnitReportReporter -->
<testsuite hostname="DESKTOP-H290O4K" failures="0" tests="1" name="testCases.ExecuteTask.Notification.TC018_NT_ExecuteTask_DTBeforeDays" time="956.274" errors="0" timestamp="2024-05-10T16:18:50 IST" skipped="0">
  <testcase classname="testCases.ExecuteTask.Notification.TC018_NT_ExecuteTask_DTBeforeDays" name="testExecuteTask_DTBeforeDays" time="956.274"/>
</testsuite> <!-- testCases.ExecuteTask.Notification.TC018_NT_ExecuteTask_DTBeforeDays -->
