<?xml version="1.0" encoding="UTF-8"?>
<!-- Generated by org.testng.reporters.JUnitReportReporter -->
<testsuite hostname="DESKTOP-H290O4K" failures="0" tests="1" name="testCases.WebForms.TC010_WF_RRUserYN_OneConditionY" time="266.963" errors="0" timestamp="2024-06-22T11:28:36 IST" skipped="0">
  <testcase classname="testCases.WebForms.TC010_WF_RRUserYN_OneConditionY" name="testWebFormUser" time="266.963"/>
</testsuite> <!-- testCases.WebForms.TC010_WF_RRUserYN_OneConditionY -->
