<?xml version="1.0" encoding="UTF-8"?>
<!-- Generated by org.testng.reporters.JUnitReportReporter -->
<testsuite hostname="DESKTOP-H290O4K" failures="0" tests="1" name="testCases.WebForms.TC002_WF_AvailableYorN_NoCondition" time="207.324" errors="0" timestamp="2024-06-18T12:57:58 IST" skipped="0">
  <testcase classname="testCases.WebForms.TC002_WF_AvailableYorN_NoCondition" name="testWFUserAvailYesorNo" time="207.324"/>
</testsuite> <!-- testCases.WebForms.TC002_WF_AvailableYorN_NoCondition -->
