<?xml version="1.0" encoding="UTF-8"?>
<!-- Generated by org.testng.reporters.JUnitReportReporter -->
<testsuite hostname="DESKTOP-VBPF5BK" failures="0" tests="1" name="testCases.TC016_CreateEntity_OOFS_FailureUpdate" time="1130.069" errors="0" timestamp="2024-04-05T20:18:44 IST" skipped="0">
  <testcase classname="testCases.TC016_CreateEntity_OOFS_FailureUpdate" name="testCreateEntity_OOFS_FailureUpdate" time="1130.069"/>
</testsuite> <!-- testCases.TC016_CreateEntity_OOFS_FailureUpdate -->
