<?xml version="1.0" encoding="UTF-8"?>
<!-- Generated by org.testng.reporters.JUnitReportReporter -->
<testsuite hostname="DESKTOP-H290O4K" failures="0" tests="1" name="testCases.WebForms.TC004_WF_AllValidUser_ConditionAllYes" time="312.735" errors="0" timestamp="2024-06-18T18:07:40 IST" skipped="0">
  <testcase classname="testCases.WebForms.TC004_WF_AllValidUser_ConditionAllYes" name="testWebFormUser" time="312.735"/>
</testsuite> <!-- testCases.WebForms.TC004_WF_AllValidUser_ConditionAllYes -->
