<?xml version="1.0" encoding="UTF-8"?>
<!-- Generated by org.testng.reporters.JUnitReportReporter -->
<testsuite hostname="DESKTOP-T7IEB3S" failures="0" tests="1" name="testCases.ExecuteTask.Notification.TC051_NT_ET_ETRM_DTAfterDays" time="1192.181" errors="0" timestamp="2024-07-27T16:05:43 IST" skipped="0">
  <testcase classname="testCases.ExecuteTask.Notification.TC051_NT_ET_ETRM_DTAfterDays" name="testExecuteTask__DTAfterDays" time="1192.181"/>
</testsuite> <!-- testCases.ExecuteTask.Notification.TC051_NT_ET_ETRM_DTAfterDays -->
