<?xml version="1.0" encoding="UTF-8"?>
<!-- Generated by org.testng.reporters.JUnitReportReporter -->
<testsuite hostname="DESKTOP-H290O4K" failures="0" tests="1" name="testCases.ExecuteTask.Notification.TC026_NT_ET_ETRS_DateBeforeDays" time="979.933" errors="0" timestamp="2024-05-23T17:17:16 IST" skipped="0">
  <testcase classname="testCases.ExecuteTask.Notification.TC026_NT_ET_ETRS_DateBeforeDays" name="testExecuteTask_DateBeforeDays" time="979.933"/>
</testsuite> <!-- testCases.ExecuteTask.Notification.TC026_NT_ET_ETRS_DateBeforeDays -->
