<?xml version="1.0" encoding="UTF-8"?>
<!-- Generated by org.testng.reporters.JUnitReportReporter -->
<testsuite hostname="DESKTOP-H290O4K" failures="0" tests="1" name="testCases.WebForms.TC012_WF_RRUserYN_OneConditionN" time="311.951" errors="0" timestamp="2024-06-22T15:58:55 IST" skipped="0">
  <testcase classname="testCases.WebForms.TC012_WF_RRUserYN_OneConditionN" name="testWebFormUser" time="311.951"/>
</testsuite> <!-- testCases.WebForms.TC012_WF_RRUserYN_OneConditionN -->
