<?xml version="1.0" encoding="UTF-8"?>
<!-- Generated by org.testng.reporters.JUnitReportReporter -->
<testsuite hostname="DESKTOP-H290O4K" failures="0" tests="1" name="testCases.WebForms.TC019_WF_RRN_OneYN_TwoN" time="191.901" errors="0" timestamp="2024-06-25T16:35:32 IST" skipped="0">
  <testcase classname="testCases.WebForms.TC019_WF_RRN_OneYN_TwoN" name="testWebFormUser" time="191.901"/>
</testsuite> <!-- testCases.WebForms.TC019_WF_RRN_OneYN_TwoN -->
