<?xml version="1.0" encoding="UTF-8"?>
<!-- Generated by org.testng.reporters.JUnitReportReporter -->
<testsuite hostname="DESKTOP-T7IEB3S" failures="0" tests="1" name="testCases.WebForms.TC033_WF_RRYN_OneN_TwoY" time="660.393" errors="0" timestamp="2024-07-17T17:36:33 IST" skipped="0">
  <testcase classname="testCases.WebForms.TC033_WF_RRYN_OneN_TwoY" name="testWebFormUser" time="660.393"/>
</testsuite> <!-- testCases.WebForms.TC033_WF_RRYN_OneN_TwoY -->
