<?xml version="1.0" encoding="UTF-8"?>
<!-- Generated by org.testng.reporters.JUnitReportReporter -->
<testsuite hostname="DESKTOP-T7IEB3S" failures="0" tests="1" name="testCases.WebForms.TC009_WF_RRUserN_OneConditionYN" time="459.549" errors="0" timestamp="2024-07-04T14:20:28 IST" skipped="0">
  <testcase classname="testCases.WebForms.TC009_WF_RRUserN_OneConditionYN" name="testWebFormUser" time="459.549"/>
</testsuite> <!-- testCases.WebForms.TC009_WF_RRUserN_OneConditionYN -->
