<?xml version="1.0" encoding="UTF-8"?>
<!-- Generated by org.testng.reporters.JUnitReportReporter -->
<testsuite hostname="DESKTOP-T7IEB3S" failures="0" tests="1" name="testCases.WebForms.TC010_WF_RRUserYN_OneConditionY" time="133.146" errors="0" timestamp="2025-01-03T18:54:55 IST" skipped="0">
  <testcase classname="testCases.WebForms.TC010_WF_RRUserYN_OneConditionY" name="testWebFormUser" time="133.146"/>
</testsuite> <!-- testCases.WebForms.TC010_WF_RRUserYN_OneConditionY -->
