<?xml version="1.0" encoding="UTF-8"?>
<!-- Generated by org.testng.reporters.JUnitReportReporter -->
<testsuite hostname="DESKTOP-T7IEB3S" failures="0" tests="1" name="testCases.ExecuteTask.Notification.TC019_NT_ET_ETRS_CTAfterMinutes" time="1980.603" errors="0" timestamp="2024-07-22T16:30:10 IST" skipped="0">
  <testcase classname="testCases.ExecuteTask.Notification.TC019_NT_ET_ETRS_CTAfterMinutes" name="testET_NT_ETRS_CTAfterMinutes" time="1980.603"/>
</testsuite> <!-- testCases.ExecuteTask.Notification.TC019_NT_ET_ETRS_CTAfterMinutes -->
