<?xml version="1.0" encoding="UTF-8"?>
<!-- Generated by org.testng.reporters.JUnitReportReporter -->
<testsuite hostname="DESKTOP-H290O4K" failures="0" tests="1" name="testCases.ExecuteTask.Notification.TC022_NT_ET_ETRS_MTAfterMinutes" time="1760.365" errors="0" timestamp="2024-05-21T16:17:17 IST" skipped="0">
  <testcase classname="testCases.ExecuteTask.Notification.TC022_NT_ET_ETRS_MTAfterMinutes" name="testExecuteTask_NT_MTAfterMinutes" time="1760.365"/>
</testsuite> <!-- testCases.ExecuteTask.Notification.TC022_NT_ET_ETRS_MTAfterMinutes -->
