<?xml version="1.0" encoding="UTF-8"?>
<!-- Generated by org.testng.reporters.JUnitReportReporter -->
<testsuite hostname="DESKTOP-VBPF5BK" failures="0" tests="1" name="testCases.ExecuteTask.Notification.TC002_NT_ExecuteTask_CTAfterHours" time="1654.519" errors="0" timestamp="2024-05-03T12:43:44 IST" skipped="0">
  <testcase classname="testCases.ExecuteTask.Notification.TC002_NT_ExecuteTask_CTAfterHours" name="testExecuteTask_NT_CTAfterHours" time="1654.519"/>
</testsuite> <!-- testCases.ExecuteTask.Notification.TC002_NT_ExecuteTask_CTAfterHours -->
