<?xml version="1.0" encoding="UTF-8"?>
<!-- Generated by org.testng.reporters.JUnitReportReporter -->
<testsuite hostname="DESKTOP-VBPF5BK" failures="0" tests="1" name="testCases.TC003_WF3_Send_Notify_ETR_M" time="1849.592" errors="0" timestamp="2024-04-25T15:25:05 IST" skipped="0">
  <testcase classname="testCases.TC003_WF3_Send_Notify_ETR_M" name="testNotify_ETR_M" time="1849.592"/>
</testsuite> <!-- testCases.TC003_WF3_Send_Notify_ETR_M -->
