<?xml version="1.0" encoding="UTF-8"?>
<!-- Generated by org.testng.reporters.JUnitReportReporter -->
<testsuite hostname="DESKTOP-VBPF5BK" failures="0" tests="1" name="testCases.TC008_WF2_SN_Daily" time="449.758" errors="0" timestamp="2024-04-11T13:00:44 IST" skipped="0">
  <testcase classname="testCases.TC008_WF2_SN_Daily" name="testScheduleNotify" time="449.758"/>
</testsuite> <!-- testCases.TC008_WF2_SN_Daily -->
