<?xml version="1.0" encoding="UTF-8"?>
<!-- Generated by org.testng.reporters.JUnitReportReporter -->
<testsuite hostname="DESKTOP-T7IEB3S" failures="0" tests="1" name="testCases.TC012_WF6_SN_Yearly" time="596.340" errors="0" timestamp="2024-07-11T14:15:27 IST" skipped="0">
  <testcase classname="testCases.TC012_WF6_SN_Yearly" name="testScheduleNotify" time="596.340"/>
</testsuite> <!-- testCases.TC012_WF6_SN_Yearly -->
