<?xml version="1.0" encoding="UTF-8"?>
<!-- Generated by org.testng.reporters.JUnitReportReporter -->
<testsuite hostname="DESKTOP-H290O4K" failures="0" tests="1" name="testCases.ExecuteTask.Notification.TC023_NT_ET_ETRS_MTAfterHours" time="1494.164" errors="0" timestamp="2025-01-16T14:47:07 IST" skipped="0">
  <testcase classname="testCases.ExecuteTask.Notification.TC023_NT_ET_ETRS_MTAfterHours" name="testExecuteTask_NT_MTAfterHours" time="1494.164"/>
</testsuite> <!-- testCases.ExecuteTask.Notification.TC023_NT_ET_ETRS_MTAfterHours -->
