<?xml version="1.0" encoding="UTF-8"?>
<!-- Generated by org.testng.reporters.JUnitReportReporter -->
<testsuite hostname="DESKTOP-VBPF5BK" failures="0" tests="1" name="testCases.CheckObjonPage" time="77.906" errors="0" timestamp="2024-04-10T15:58:53 IST" skipped="0">
  <testcase classname="testCases.CheckObjonPage" name="testControl" time="77.906"/>
</testsuite> <!-- testCases.CheckObjonPage -->
