<?xml version="1.0" encoding="UTF-8"?>
<!-- Generated by org.testng.reporters.JUnitReportReporter -->
<testsuite hostname="DESKTOP-H290O4K" failures="0" tests="1" name="testCases.ExecuteTask.Notification.TC009_NT_ExecuteTask_TimeAfterHours" time="988.084" errors="0" timestamp="2024-05-08T18:44:09 IST" skipped="0">
  <testcase classname="testCases.ExecuteTask.Notification.TC009_NT_ExecuteTask_TimeAfterHours" name="testExecuteTask_TimeAfterHours" time="988.084"/>
</testsuite> <!-- testCases.ExecuteTask.Notification.TC009_NT_ExecuteTask_TimeAfterHours -->
