<?xml version="1.0" encoding="UTF-8"?>
<!-- Generated by org.testng.reporters.JUnitReportReporter -->
<testsuite hostname="DESKTOP-H290O4K" failures="0" tests="1" name="testCases.TC002_WF2_Send_Notify_OOF_S" time="3015.586" errors="0" timestamp="2025-01-08T19:01:10 IST" skipped="0">
  <testcase classname="testCases.TC002_WF2_Send_Notify_OOF_S" name="testNotify_OOF_S" time="3015.586"/>
</testsuite> <!-- testCases.TC002_WF2_Send_Notify_OOF_S -->
