<?xml version="1.0" encoding="UTF-8"?>
<!-- Generated by org.testng.reporters.JUnitReportReporter -->
<testsuite hostname="DESKTOP-H290O4K" failures="0" tests="1" name="testCases.TC007_WF1_SN_Hourly" time="446.935" errors="0" timestamp="2024-05-28T16:25:18 IST" skipped="0">
  <testcase classname="testCases.TC007_WF1_SN_Hourly" name="testScheduleNotify" time="446.935"/>
</testsuite> <!-- testCases.TC007_WF1_SN_Hourly -->
