<?xml version="1.0" encoding="UTF-8"?>
<!-- Generated by org.testng.reporters.JUnitReportReporter -->
<testsuite hostname="DESKTOP-H290O4K" failures="0" tests="1" name="testCases.ExecuteTask.Notification.TC002_NT_ET_OOFS_CTAfterHours" time="1775.979" errors="0" timestamp="2025-01-13T11:57:12 IST" skipped="0">
  <testcase classname="testCases.ExecuteTask.Notification.TC002_NT_ET_OOFS_CTAfterHours" name="testExecuteTask_NT_CTAfterHours" time="1775.979"/>
</testsuite> <!-- testCases.ExecuteTask.Notification.TC002_NT_ET_OOFS_CTAfterHours -->
