<?xml version="1.0" encoding="UTF-8"?>
<!-- Generated by org.testng.reporters.JUnitReportReporter -->
<testsuite hostname="DESKTOP-H290O4K" failures="0" tests="1" name="testCases.ExecuteTask.Notification.TC030_NT_ET_ETRS_TimeBeforeHours" time="1452.530" errors="0" timestamp="2024-05-24T17:03:02 IST" skipped="0">
  <testcase classname="testCases.ExecuteTask.Notification.TC030_NT_ET_ETRS_TimeBeforeHours" name="testExecuteTask_TimeAfterHours" time="1452.530"/>
</testsuite> <!-- testCases.ExecuteTask.Notification.TC030_NT_ET_ETRS_TimeBeforeHours -->
