<?xml version="1.0" encoding="UTF-8"?>
<!-- Generated by org.testng.reporters.JUnitReportReporter -->
<testsuite hostname="DESKTOP-VBPF5BK" failures="0" tests="1" name="testCases.TC017_CreateEntity_OOFS_MultiSuccessCase" time="2289.436" errors="0" timestamp="2024-04-05T20:18:44 IST" skipped="0">
  <testcase classname="testCases.TC017_CreateEntity_OOFS_MultiSuccessCase" name="testCreateEntity_OOFS_SuccessUpdate" time="2289.436"/>
</testsuite> <!-- testCases.TC017_CreateEntity_OOFS_MultiSuccessCase -->
