<?xml version="1.0" encoding="UTF-8"?>
<!-- Generated by org.testng.reporters.JUnitReportReporter -->
<testsuite hostname="DESKTOP-T7IEB3S" failures="0" tests="1" name="testCases.ExecuteTask.Notification.TC052_NT_ET_ETRM_DTBeforeMinutes" time="1212.581" errors="0" timestamp="2024-07-27T16:29:50 IST" skipped="0">
  <testcase classname="testCases.ExecuteTask.Notification.TC052_NT_ET_ETRM_DTBeforeMinutes" name="testExecuteTask__DTBeforeMinutes" time="1212.581"/>
</testsuite> <!-- testCases.ExecuteTask.Notification.TC052_NT_ET_ETRM_DTBeforeMinutes -->
