<?xml version="1.0" encoding="UTF-8"?>
<!-- Generated by org.testng.reporters.JUnitReportReporter -->
<testsuite hostname="DESKTOP-VBPF5BK" failures="0" tests="1" name="testCases.TC016_CreateEntity_OOFS_FailureUpdate" time="1107.793" errors="0" timestamp="2024-04-04T13:39:58 IST" skipped="0">
  <testcase classname="testCases.TC016_CreateEntity_OOFS_FailureUpdate" name="testCreateEntity_OOFS_FailureUpdate" time="1107.793"/>
</testsuite> <!-- testCases.TC016_CreateEntity_OOFS_FailureUpdate -->
