<?xml version="1.0" encoding="UTF-8"?>
<!-- Generated by org.testng.reporters.JUnitReportReporter -->
<testsuite hostname="DESKTOP-H290O4K" failures="0" tests="1" name="testCases.ExecuteTask.Notification.TC029_NT_ET_ETRS_TimeAfterHours" time="1451.019" errors="0" timestamp="2024-05-24T15:48:29 IST" skipped="0">
  <testcase classname="testCases.ExecuteTask.Notification.TC029_NT_ET_ETRS_TimeAfterHours" name="testExecuteTask_TimeAfterHours" time="1451.019"/>
</testsuite> <!-- testCases.ExecuteTask.Notification.TC029_NT_ET_ETRS_TimeAfterHours -->
