<?xml version="1.0" encoding="UTF-8"?>
<!-- Generated by org.testng.reporters.JUnitReportReporter -->
<testsuite hostname="DESKTOP-H290O4K" failures="0" tests="1" name="testCases.TC021_CreateEntity_ETRS_SuccessUpdate" time="571.541" errors="0" timestamp="2024-06-05T17:32:34 IST" skipped="0">
  <testcase classname="testCases.TC021_CreateEntity_ETRS_SuccessUpdate" name="testCreateEntity_ETRS_DefaultValues" time="571.541"/>
</testsuite> <!-- testCases.TC021_CreateEntity_ETRS_SuccessUpdate -->
