<?xml version="1.0" encoding="UTF-8"?>
<!-- Generated by org.testng.reporters.JUnitReportReporter -->
<testsuite hostname="DESKTOP-VBPF5BK" failures="0" tests="1" name="testCases.TC002_WF2_Send_Notify_OOF_S" time="1811.879" errors="0" timestamp="2024-04-23T18:08:34 IST" skipped="0">
  <testcase classname="testCases.TC002_WF2_Send_Notify_OOF_S" name="testNotify_OOF_S" time="1811.879"/>
</testsuite> <!-- testCases.TC002_WF2_Send_Notify_OOF_S -->
