<?xml version="1.0" encoding="UTF-8"?>
<!-- Generated by org.testng.reporters.JUnitReportReporter -->
<testsuite hostname="DESKTOP-T7IEB3S" failures="0" tests="1" name="testCases.WebForms.TC001_WF_RRUserY_NoCondition" time="392.287" errors="0" timestamp="2024-07-04T12:07:50 IST" skipped="0">
  <testcase classname="testCases.WebForms.TC001_WF_RRUserY_NoCondition" name="testWebFormUser" time="392.287"/>
</testsuite> <!-- testCases.WebForms.TC001_WF_RRUserY_NoCondition -->
