<?xml version="1.0" encoding="UTF-8"?>
<!-- Generated by org.testng.reporters.JUnitReportReporter -->
<testsuite hostname="DESKTOP-H290O4K" failures="0" tests="1" name="testCases.WebForms.TC004_WF_RRUserY_OneConditionY" time="306.711" errors="0" timestamp="2024-06-29T11:59:36 IST" skipped="0">
  <testcase classname="testCases.WebForms.TC004_WF_RRUserY_OneConditionY" name="testWebFormUser" time="306.711"/>
</testsuite> <!-- testCases.WebForms.TC004_WF_RRUserY_OneConditionY -->
