<?xml version="1.0" encoding="UTF-8"?>
<!-- Generated by org.testng.reporters.JUnitReportReporter -->
<testsuite hostname="DESKTOP-T7IEB3S" failures="0" tests="1" name="testCases.WebForms.TC016_WF_RRN_OneY_TwoN" time="361.135" errors="0" timestamp="2024-07-05T20:53:40 IST" skipped="0">
  <testcase classname="testCases.WebForms.TC016_WF_RRN_OneY_TwoN" name="testWebFormUser" time="361.135"/>
</testsuite> <!-- testCases.WebForms.TC016_WF_RRN_OneY_TwoN -->
