<?xml version="1.0" encoding="UTF-8"?>
<!-- Generated by org.testng.reporters.JUnitReportReporter -->
<testsuite hostname="DESKTOP-T7IEB3S" failures="0" tests="1" name="testCases.WebForms.TC030_WF_RRY_OneYN_TwoY" time="256.765" errors="0" timestamp="2024-07-05T20:53:40 IST" skipped="0">
  <testcase classname="testCases.WebForms.TC030_WF_RRY_OneYN_TwoY" name="testWebFormUser" time="256.765"/>
</testsuite> <!-- testCases.WebForms.TC030_WF_RRY_OneYN_TwoY -->
