<?xml version="1.0" encoding="UTF-8"?>
<!-- Generated by org.testng.reporters.JUnitReportReporter -->
<testsuite hostname="DESKTOP-T7IEB3S" failures="0" tests="1" name="testCases.ExecuteTask.Notification.TC053_NT_ET_ETRM_DTBeforeHours" time="1185.905" errors="0" timestamp="2024-07-31T15:55:32 IST" skipped="0">
  <testcase classname="testCases.ExecuteTask.Notification.TC053_NT_ET_ETRM_DTBeforeHours" name="testExecuteTask__DTBeforeHours" time="1185.905"/>
</testsuite> <!-- testCases.ExecuteTask.Notification.TC053_NT_ET_ETRM_DTBeforeHours -->
