<?xml version="1.0" encoding="UTF-8"?>
<!-- Generated by org.testng.reporters.JUnitReportReporter -->
<testsuite hostname="DESKTOP-H290O4K" failures="0" tests="1" name="testCases.WebForms.TC004_WF_RRUserY_OneConditionY" time="376.810" errors="0" timestamp="2024-06-19T16:58:17 IST" skipped="0">
  <testcase classname="testCases.WebForms.TC004_WF_RRUserY_OneConditionY" name="testWebFormUser" time="376.810"/>
</testsuite> <!-- testCases.WebForms.TC004_WF_RRUserY_OneConditionY -->
