<?xml version="1.0" encoding="UTF-8"?>
<!-- Generated by org.testng.reporters.JUnitReportReporter -->
<testsuite hostname="DESKTOP-H290O4K" failures="0" tests="1" name="testCases.ExecuteTask.Notification.TC048_NT_ET_ETRM_TimeBeforeMinutes" time="1471.744" errors="0" timestamp="2024-05-31T17:00:32 IST" skipped="0">
  <testcase classname="testCases.ExecuteTask.Notification.TC048_NT_ET_ETRM_TimeBeforeMinutes" name="testExecuteTask_TimeBeforeMinutes" time="1471.744"/>
</testsuite> <!-- testCases.ExecuteTask.Notification.TC048_NT_ET_ETRM_TimeBeforeMinutes -->
