<?xml version="1.0" encoding="UTF-8"?>
<!-- Generated by org.testng.reporters.JUnitReportReporter -->
<testsuite hostname="DESKTOP-H290O4K" failures="0" tests="1" name="testCases.ExecuteTask.Notification.TC024_NT_ET_ETRS_MTAfterDays" time="1737.249" errors="0" timestamp="2024-05-21T18:23:58 IST" skipped="0">
  <testcase classname="testCases.ExecuteTask.Notification.TC024_NT_ET_ETRS_MTAfterDays" name="testExecuteTask_NT_MTAfterDays" time="1737.249"/>
</testsuite> <!-- testCases.ExecuteTask.Notification.TC024_NT_ET_ETRS_MTAfterDays -->
