<?xml version="1.0" encoding="UTF-8"?>
<!-- Generated by org.testng.reporters.JUnitReportReporter -->
<testsuite hostname="DESKTOP-T7IEB3S" failures="0" tests="1" name="testCases.WebForms.TC036_WF_RRYN_OneY_TwoY" time="223.232" errors="0" timestamp="2024-07-06T14:16:25 IST" skipped="0">
  <testcase classname="testCases.WebForms.TC036_WF_RRYN_OneY_TwoY" name="testWebFormUser" time="223.232"/>
</testsuite> <!-- testCases.WebForms.TC036_WF_RRYN_OneY_TwoY -->
