<?xml version="1.0" encoding="UTF-8"?>
<!-- Generated by org.testng.reporters.JUnitReportReporter -->
<testsuite hostname="DESKTOP-VBPF5BK" failures="0" tests="1" name="testCases.TC013_CreateEntity_OOFS_NewValues" time="1034.775" errors="0" timestamp="2024-04-06T15:06:02 IST" skipped="0">
  <testcase classname="testCases.TC013_CreateEntity_OOFS_NewValues" name="testCreateEntity_OOFS_NewValues" time="1034.775"/>
</testsuite> <!-- testCases.TC013_CreateEntity_OOFS_NewValues -->
