<?xml version="1.0" encoding="UTF-8"?>
<!-- Generated by org.testng.reporters.JUnitReportReporter -->
<testsuite hostname="DESKTOP-H290O4K" failures="0" tests="1" name="testCases.ExecuteTask.Notification.TC035_NT_ET_ETRS_DTAfterDays" time="1430.452" errors="0" timestamp="2024-05-28T15:27:27 IST" skipped="0">
  <testcase classname="testCases.ExecuteTask.Notification.TC035_NT_ET_ETRS_DTAfterDays" name="testExecuteTask_ET_NT_ETRS_DTAfterDays" time="1430.452"/>
</testsuite> <!-- testCases.ExecuteTask.Notification.TC035_NT_ET_ETRS_DTAfterDays -->
