<?xml version="1.0" encoding="UTF-8"?>
<!-- Generated by org.testng.reporters.JUnitReportReporter -->
<testsuite hostname="DESKTOP-H290O4K" failures="0" tests="1" name="testCases.WebForms.TC007_WF_RRUserY_OneConditionN" time="510.320" errors="0" timestamp="2024-06-19T17:49:09 IST" skipped="0">
  <testcase classname="testCases.WebForms.TC007_WF_RRUserY_OneConditionN" name="testWebFormUser" time="510.320"/>
</testsuite> <!-- testCases.WebForms.TC007_WF_RRUserY_OneConditionN -->
