<?xml version="1.0" encoding="UTF-8"?>
<!-- Generated by org.testng.reporters.JUnitReportReporter -->
<testsuite hostname="DESKTOP-H290O4K" failures="0" tests="1" name="testCases.ExecuteTask.Notification.TC032_NT_ET_ETRS_DTBeforeMinutes" time="1426.982" errors="0" timestamp="2024-05-27T18:02:55 IST" skipped="0">
  <testcase classname="testCases.ExecuteTask.Notification.TC032_NT_ET_ETRS_DTBeforeMinutes" name="testExecuteTask__DTAfterMinutes" time="1426.982"/>
</testsuite> <!-- testCases.ExecuteTask.Notification.TC032_NT_ET_ETRS_DTBeforeMinutes -->
