<?xml version="1.0" encoding="UTF-8"?>
<!-- Generated by org.testng.reporters.JUnitReportReporter -->
<testsuite hostname="DESKTOP-H290O4K" failures="0" tests="1" name="testCases.WebForms.TC013_WF_RRN_OneN_TwoN" time="448.411" errors="0" timestamp="2024-06-24T15:51:01 IST" skipped="0">
  <testcase classname="testCases.WebForms.TC013_WF_RRN_OneN_TwoN" name="testWebFormUser" time="448.411"/>
</testsuite> <!-- testCases.WebForms.TC013_WF_RRN_OneN_TwoN -->
