<?xml version="1.0" encoding="UTF-8"?>
<!-- Generated by org.testng.reporters.JUnitReportReporter -->
<testsuite hostname="DESKTOP-VBPF5BK" failures="0" tests="1" name="testCases.TC015_CreateEntity_OOFS_SuccessUpdate" time="1569.335" errors="0" timestamp="2024-04-10T13:16:45 IST" skipped="0">
  <testcase classname="testCases.TC015_CreateEntity_OOFS_SuccessUpdate" name="testCreateEntity_OOFS_SuccessUpdate" time="1569.335"/>
</testsuite> <!-- testCases.TC015_CreateEntity_OOFS_SuccessUpdate -->
