<?xml version="1.0" encoding="UTF-8"?>
<!-- Generated by org.testng.reporters.JUnitReportReporter -->
<testsuite hostname="DESKTOP-VBPF5BK" failures="0" tests="1" name="testCases.TC011_WF5_SN_MonthByDate" time="474.713" errors="0" timestamp="2024-04-10T17:06:39 IST" skipped="0">
  <testcase classname="testCases.TC011_WF5_SN_MonthByDate" name="testScheduleNotify" time="474.713"/>
</testsuite> <!-- testCases.TC011_WF5_SN_MonthByDate -->
