<?xml version="1.0" encoding="UTF-8"?>
<!-- Generated by org.testng.reporters.JUnitReportReporter -->
<testsuite hostname="DESKTOP-H290O4K" failures="0" tests="1" name="testCases.WebForms.TC003_WF_NoAvailableUser_NoCondition" time="37.064" errors="0" timestamp="2024-06-14T13:00:54 IST" skipped="0">
  <testcase classname="testCases.WebForms.TC003_WF_NoAvailableUser_NoCondition" name="testWebFormUser" time="37.064"/>
</testsuite> <!-- testCases.WebForms.TC003_WF_NoAvailableUser_NoCondition -->
