<?xml version="1.0" encoding="UTF-8"?>
<!-- Generated by org.testng.reporters.JUnitReportReporter -->
<testsuite hostname="DESKTOP-T7IEB3S" failures="0" tests="1" name="testCases.TC010_WF4_SN_SpecificDate" time="600.892" errors="0" timestamp="2024-07-11T12:30:19 IST" skipped="0">
  <testcase classname="testCases.TC010_WF4_SN_SpecificDate" name="testScheduleNotify" time="600.892"/>
</testsuite> <!-- testCases.TC010_WF4_SN_SpecificDate -->
