<?xml version="1.0" encoding="UTF-8"?>
<!-- Generated by org.testng.reporters.JUnitReportReporter -->
<testsuite hostname="DESKTOP-H290O4K" failures="0" tests="1" name="testCases.ExecuteTask.Notification.TC016_NT_ExecuteTask_DTBeforeMinutes" time="1032.483" errors="0" timestamp="2024-05-10T11:58:48 IST" skipped="0">
  <testcase classname="testCases.ExecuteTask.Notification.TC016_NT_ExecuteTask_DTBeforeMinutes" name="testExecuteTask__DTBeforeMinutes" time="1032.483"/>
</testsuite> <!-- testCases.ExecuteTask.Notification.TC016_NT_ExecuteTask_DTBeforeMinutes -->
