<?xml version="1.0" encoding="UTF-8"?>
<!-- Generated by org.testng.reporters.JUnitReportReporter -->
<testsuite hostname="DESKTOP-T7IEB3S" failures="0" tests="1" name="testCases.WebForms.TC007_WF_RRUserY_OneConditionN" time="425.100" errors="0" timestamp="2024-07-17T13:34:26 IST" skipped="0">
  <testcase classname="testCases.WebForms.TC007_WF_RRUserY_OneConditionN" name="testWebFormUser" time="425.100"/>
</testsuite> <!-- testCases.WebForms.TC007_WF_RRUserY_OneConditionN -->
