<?xml version="1.0" encoding="UTF-8"?>
<!-- Generated by org.testng.reporters.JUnitReportReporter -->
<testsuite hostname="DESKTOP-T7IEB3S" failures="0" tests="1" name="testCases.TC015_CreateEntity_OOFS_SuccessUpdate" time="1841.774" errors="0" timestamp="2025-01-07T13:43:25 IST" skipped="0">
  <testcase classname="testCases.TC015_CreateEntity_OOFS_SuccessUpdate" name="testCreateEntity_OOFS_SuccessUpdate" time="1841.774"/>
</testsuite> <!-- testCases.TC015_CreateEntity_OOFS_SuccessUpdate -->
