<?xml version="1.0" encoding="UTF-8"?>
<!-- Generated by org.testng.reporters.JUnitReportReporter -->
<testsuite hostname="DESKTOP-H290O4K" failures="0" tests="1" name="testCases.WebForms.TC031_WF_RRYN_OneN_TwoN" time="140.206" errors="0" timestamp="2024-06-27T16:04:44 IST" skipped="0">
  <testcase classname="testCases.WebForms.TC031_WF_RRYN_OneN_TwoN" name="testWebFormUser" time="140.206"/>
</testsuite> <!-- testCases.WebForms.TC031_WF_RRYN_OneN_TwoN -->
