<?xml version="1.0" encoding="UTF-8"?>
<!-- Generated by org.testng.reporters.JUnitReportReporter -->
<testsuite hostname="DESKTOP-H290O4K" failures="0" tests="1" name="testCases.ExecuteTask.Notification.TC011_NT_ExecuteTask_TimeBeforeHours" time="984.796" errors="0" timestamp="2024-05-08T17:21:03 IST" skipped="0">
  <testcase classname="testCases.ExecuteTask.Notification.TC011_NT_ExecuteTask_TimeBeforeHours" name="testExecuteTask_TimeBeforeHours" time="984.796"/>
</testsuite> <!-- testCases.ExecuteTask.Notification.TC011_NT_ExecuteTask_TimeBeforeHours -->
