<?xml version="1.0" encoding="UTF-8"?>
<!-- Generated by org.testng.reporters.JUnitReportReporter -->
<testsuite hostname="DESKTOP-T7IEB3S" failures="0" tests="1" name="testCases.TC002_WF2_Send_Notify_OOF_S" time="2623.981" errors="0" timestamp="2024-07-09T17:28:19 IST" skipped="0">
  <testcase classname="testCases.TC002_WF2_Send_Notify_OOF_S" name="testNotify_OOF_S" time="2623.981"/>
</testsuite> <!-- testCases.TC002_WF2_Send_Notify_OOF_S -->
