<?xml version="1.0" encoding="UTF-8"?>
<!-- Generated by org.testng.reporters.JUnitReportReporter -->
<testsuite hostname="DESKTOP-H290O4K" failures="0" tests="1" name="testCases.WebForms.TC003_WF_RRUserN_NoCondition" time="368.133" errors="0" timestamp="2024-06-19T16:45:19 IST" skipped="0">
  <testcase classname="testCases.WebForms.TC003_WF_RRUserN_NoCondition" name="testWebFormUser" time="368.133"/>
</testsuite> <!-- testCases.WebForms.TC003_WF_RRUserN_NoCondition -->
