<?xml version="1.0" encoding="UTF-8"?>
<!-- Generated by org.testng.reporters.JUnitReportReporter -->
<testsuite hostname="DESKTOP-T7IEB3S" failures="0" tests="1" name="testCases.TC005_WF5_Send_SMS_ETR_S" time="2148.082" errors="0" timestamp="2024-07-10T16:09:13 IST" skipped="0">
  <testcase classname="testCases.TC005_WF5_Send_SMS_ETR_S" name="test_SMS_ETR_S" time="2148.082"/>
</testsuite> <!-- testCases.TC005_WF5_Send_SMS_ETR_S -->
