<?xml version="1.0" encoding="UTF-8"?>
<!-- Generated by org.testng.reporters.JUnitReportReporter -->
<testsuite hostname="DESKTOP-H290O4K" failures="0" tests="1" name="testCases.WebForms.TC005_WF_RRUserYN_OneConditionYN" time="557.662" errors="0" timestamp="2024-06-19T17:18:24 IST" skipped="0">
  <testcase classname="testCases.WebForms.TC005_WF_RRUserYN_OneConditionYN" name="testWebFormUser" time="557.662"/>
</testsuite> <!-- testCases.WebForms.TC005_WF_RRUserYN_OneConditionYN -->
