<?xml version="1.0" encoding="UTF-8"?>
<!-- Generated by org.testng.reporters.JUnitReportReporter -->
<testsuite hostname="DESKTOP-H290O4K" failures="0" tests="1" name="testCases.WebForms.TC020_WF_RRN_OneYN_TwoYN" time="155.811" errors="0" timestamp="2024-06-25T17:34:57 IST" skipped="0">
  <testcase classname="testCases.WebForms.TC020_WF_RRN_OneYN_TwoYN" name="testWebFormUser" time="155.811"/>
</testsuite> <!-- testCases.WebForms.TC020_WF_RRN_OneYN_TwoYN -->
