<?xml version="1.0" encoding="UTF-8"?>
<!-- Generated by org.testng.reporters.JUnitReportReporter -->
<testsuite hostname="DESKTOP-H290O4K" failures="0" tests="1" name="testCases.WebForms.TC023_WF_RRY_OneN_TwoYN" time="133.947" errors="0" timestamp="2024-06-26T15:19:46 IST" skipped="0">
  <testcase classname="testCases.WebForms.TC023_WF_RRY_OneN_TwoYN" name="testWebFormUser" time="133.947"/>
</testsuite> <!-- testCases.WebForms.TC023_WF_RRY_OneN_TwoYN -->
