<?xml version="1.0" encoding="UTF-8"?>
<!-- Generated by org.testng.reporters.JUnitReportReporter -->
<testsuite hostname="DESKTOP-H290O4K" failures="0" tests="1" name="testCases.WebForms.TC034_WF_RRYN_OneY_TwoN" time="208.791" errors="0" timestamp="2024-06-28T12:45:57 IST" skipped="0">
  <testcase classname="testCases.WebForms.TC034_WF_RRYN_OneY_TwoN" name="testWebFormUser" time="208.791"/>
</testsuite> <!-- testCases.WebForms.TC034_WF_RRYN_OneY_TwoN -->
