<?xml version="1.0" encoding="UTF-8"?>
<!-- Generated by org.testng.reporters.JUnitReportReporter -->
<testsuite hostname="DESKTOP-H290O4K" failures="0" tests="1" name="testCases.TC014_CreateEntity_OOFS_DefaultValues" time="1008.168" errors="0" timestamp="2024-06-03T15:05:03 IST" skipped="0">
  <testcase classname="testCases.TC014_CreateEntity_OOFS_DefaultValues" name="testCreateEntity_DefaultValues_OOF_S" time="1008.168"/>
</testsuite> <!-- testCases.TC014_CreateEntity_OOFS_DefaultValues -->
