<?xml version="1.0" encoding="UTF-8"?>
<!-- Generated by org.testng.reporters.JUnitReportReporter -->
<testsuite hostname="DESKTOP-T7IEB3S" failures="0" tests="1" name="testCases.WebForms.TC037_WF_RRYN_OneYN_TwoN" time="577.252" errors="0" timestamp="2024-07-17T17:36:33 IST" skipped="0">
  <testcase classname="testCases.WebForms.TC037_WF_RRYN_OneYN_TwoN" name="testWebFormUser" time="577.252"/>
</testsuite> <!-- testCases.WebForms.TC037_WF_RRYN_OneYN_TwoN -->
