<?xml version="1.0" encoding="UTF-8"?>
<!-- Generated by org.testng.reporters.JUnitReportReporter -->
<testsuite hostname="DESKTOP-H290O4K" failures="0" tests="1" name="testCases.ExecuteTask.Notification.TC020_NT_ET_ETRS_CTAfterHours" time="2177.351" errors="0" timestamp="2024-05-21T12:07:32 IST" skipped="0">
  <testcase classname="testCases.ExecuteTask.Notification.TC020_NT_ET_ETRS_CTAfterHours" name="testExecuteTask_NT_CTAfterHours" time="2177.351"/>
</testsuite> <!-- testCases.ExecuteTask.Notification.TC020_NT_ET_ETRS_CTAfterHours -->
