<?xml version="1.0" encoding="UTF-8"?>
<!-- Generated by org.testng.reporters.JUnitReportReporter -->
<testsuite hostname="DESKTOP-T7IEB3S" failures="0" tests="1" name="testCases.TC016_CreateEntity_OOFS_FailureUpdate" time="1722.518" errors="0" timestamp="2025-01-06T21:19:31 IST" skipped="0">
  <testcase classname="testCases.TC016_CreateEntity_OOFS_FailureUpdate" name="testCreateEntity_OOFS_FailureUpdate" time="1722.518"/>
</testsuite> <!-- testCases.TC016_CreateEntity_OOFS_FailureUpdate -->
