<?xml version="1.0" encoding="UTF-8"?>
<!-- Generated by org.testng.reporters.JUnitReportReporter -->
<testsuite hostname="DESKTOP-H290O4K" failures="0" tests="1" name="testCases.ExecuteTask.Notification.TC044_NT_ET_ETRM_DateBeforeDays" time="1321.888" errors="0" timestamp="2024-05-30T18:27:48 IST" skipped="0">
  <testcase classname="testCases.ExecuteTask.Notification.TC044_NT_ET_ETRM_DateBeforeDays" name="testET_NT_ETRM_DateBeforeDays" time="1321.888"/>
</testsuite> <!-- testCases.ExecuteTask.Notification.TC044_NT_ET_ETRM_DateBeforeDays -->
