<?xml version="1.0" encoding="UTF-8"?>
<!-- Generated by org.testng.reporters.JUnitReportReporter -->
<testsuite hostname="DESKTOP-H290O4K" failures="0" tests="1" name="testCases.ExecuteTask.Notification.TC015_NT_ExecuteTask_DTAfterDays" time="956.278" errors="0" timestamp="2024-05-10T15:26:04 IST" skipped="0">
  <testcase classname="testCases.ExecuteTask.Notification.TC015_NT_ExecuteTask_DTAfterDays" name="testExecuteTask_DTAfterDays" time="956.278"/>
</testsuite> <!-- testCases.ExecuteTask.Notification.TC015_NT_ExecuteTask_DTAfterDays -->
