<?xml version="1.0" encoding="UTF-8"?>
<!-- Generated by org.testng.reporters.JUnitReportReporter -->
<testsuite hostname="DESKTOP-H290O4K" failures="0" tests="1" name="testCases.WebForms.TC001_WF_AllValidUser_NoCondition" time="79.802" errors="0" timestamp="2024-06-10T18:58:07 IST" skipped="0">
  <testcase classname="testCases.WebForms.TC001_WF_AllValidUser_NoCondition" name="testWebFormUser" time="79.802"/>
</testsuite> <!-- testCases.WebForms.TC001_WF_AllValidUser_NoCondition -->
