<?xml version="1.0" encoding="UTF-8"?>
<!-- Generated by org.testng.reporters.JUnitReportReporter -->
<testsuite hostname="DESKTOP-H290O4K" failures="0" tests="1" name="testCases.WebForms.TC021_WF_RRN_OneYN_TwoY" time="177.693" errors="0" timestamp="2024-06-26T11:17:03 IST" skipped="0">
  <testcase classname="testCases.WebForms.TC021_WF_RRN_OneYN_TwoY" name="testWebFormUser" time="177.693"/>
</testsuite> <!-- testCases.WebForms.TC021_WF_RRN_OneYN_TwoY -->
