<?xml version="1.0" encoding="UTF-8"?>
<!-- Generated by org.testng.reporters.JUnitReportReporter -->
<testsuite hostname="DESKTOP-VBPF5BK" failures="0" tests="1" name="testCases.SimpleTest" time="39.517" errors="0" timestamp="2024-05-03T16:53:51 IST" skipped="0">
  <testcase classname="testCases.SimpleTest" name="testphplogout" time="39.517"/>
</testsuite> <!-- testCases.SimpleTest -->
