<?xml version="1.0" encoding="UTF-8"?>
<!-- Generated by org.testng.reporters.JUnitReportReporter -->
<testsuite hostname="DESKTOP-T7IEB3S" failures="0" tests="1" name="testCases.ExecuteTask.Notification.TC031_NT_ET_ETRS_DTAfterMinutes" time="1291.139" errors="0" timestamp="2024-08-01T18:21:27 IST" skipped="0">
  <testcase classname="testCases.ExecuteTask.Notification.TC031_NT_ET_ETRS_DTAfterMinutes" name="testExecuteTask__DTAfterMinutes" time="1291.139"/>
</testsuite> <!-- testCases.ExecuteTask.Notification.TC031_NT_ET_ETRS_DTAfterMinutes -->
