<?xml version="1.0" encoding="UTF-8"?>
<!-- Generated by org.testng.reporters.JUnitReportReporter -->
<testsuite hostname="DESKTOP-T7IEB3S" failures="0" tests="1" name="testCases.WebForms.TC032_WF_RRYN_OneN_TwoYN" time="419.565" errors="0" timestamp="2024-07-05T20:53:40 IST" skipped="0">
  <testcase classname="testCases.WebForms.TC032_WF_RRYN_OneN_TwoYN" name="testWebFormUser" time="419.565"/>
</testsuite> <!-- testCases.WebForms.TC032_WF_RRYN_OneN_TwoYN -->
