<?xml version="1.0" encoding="UTF-8"?>
<!-- Generated by org.testng.reporters.JUnitReportReporter -->
<testsuite hostname="DESKTOP-H290O4K" failures="0" tests="1" name="testCases.SelectWebFormName" time="32.449" errors="0" timestamp="2024-06-25T13:53:26 IST" skipped="0">
  <testcase classname="testCases.SelectWebFormName" name="test" time="32.449"/>
</testsuite> <!-- testCases.SelectWebFormName -->
