<?xml version="1.0" encoding="UTF-8"?>
<!-- Generated by org.testng.reporters.JUnitReportReporter -->
<testsuite hostname="DESKTOP-H290O4K" failures="0" tests="1" name="testCases.WebForms.TC036_WF_RRYN_OneY_TwoY" time="228.424" errors="0" timestamp="2024-06-28T14:36:35 IST" skipped="0">
  <testcase classname="testCases.WebForms.TC036_WF_RRYN_OneY_TwoY" name="testWebFormUser" time="228.424"/>
</testsuite> <!-- testCases.WebForms.TC036_WF_RRYN_OneY_TwoY -->
