<?xml version="1.0" encoding="UTF-8"?>
<!-- Generated by org.testng.reporters.JUnitReportReporter -->
<testsuite hostname="DESKTOP-H290O4K" failures="0" tests="1" name="testCases.WebForms.TC006_WF_RRUserN_OneConditionY" time="489.352" errors="0" timestamp="2024-06-19T17:33:08 IST" skipped="0">
  <testcase classname="testCases.WebForms.TC006_WF_RRUserN_OneConditionY" name="testWebFormUser" time="489.352"/>
</testsuite> <!-- testCases.WebForms.TC006_WF_RRUserN_OneConditionY -->
