<?xml version="1.0" encoding="UTF-8"?>
<!-- Generated by org.testng.reporters.JUnitReportReporter -->
<testsuite hostname="DESKTOP-T7IEB3S" failures="0" tests="1" name="testCases.ExecuteTask.Notification.TC054_NT_ET_ETRM_DTBeforeDays" time="1206.591" errors="0" timestamp="2024-07-27T17:35:33 IST" skipped="0">
  <testcase classname="testCases.ExecuteTask.Notification.TC054_NT_ET_ETRM_DTBeforeDays" name="testExecuteTask__DTBeforeDays" time="1206.591"/>
</testsuite> <!-- testCases.ExecuteTask.Notification.TC054_NT_ET_ETRM_DTBeforeDays -->
