<?xml version="1.0" encoding="UTF-8"?>
<!-- Generated by org.testng.reporters.JUnitReportReporter -->
<testsuite hostname="DESKTOP-T7IEB3S" failures="0" tests="1" name="testCases.TC018_CreateEntity_OOFS_MultiUpdOnFailCase" time="2414.197" errors="0" timestamp="2024-07-16T13:10:27 IST" skipped="0">
  <testcase classname="testCases.TC018_CreateEntity_OOFS_MultiUpdOnFailCase" name="tCreateEntity_OOFS_MultiUpdateOnFailCase" time="2414.197"/>
</testsuite> <!-- testCases.TC018_CreateEntity_OOFS_MultiUpdOnFailCase -->
