<?xml version="1.0" encoding="UTF-8"?>
<!-- Generated by org.testng.reporters.JUnitReportReporter -->
<testsuite hostname="DESKTOP-T7IEB3S" failures="0" tests="1" name="testCases.WebForms.TC006_WF_RRUserN_OneConditionY" time="346.601" errors="0" timestamp="2024-07-17T13:34:26 IST" skipped="0">
  <testcase classname="testCases.WebForms.TC006_WF_RRUserN_OneConditionY" name="testWebFormUser" time="346.601"/>
</testsuite> <!-- testCases.WebForms.TC006_WF_RRUserN_OneConditionY -->
