<?xml version="1.0" encoding="UTF-8"?>
<!-- Generated by org.testng.reporters.JUnitReportReporter -->
<testsuite hostname="DESKTOP-H290O4K" failures="0" tests="1" name="testCases.ExecuteTask.Notification.TC014_NT_ExecuteTask_DTAfterHours" time="961.182" errors="0" timestamp="2024-05-10T13:16:26 IST" skipped="0">
  <testcase classname="testCases.ExecuteTask.Notification.TC014_NT_ExecuteTask_DTAfterHours" name="testExecuteTask__DTAfterHours" time="961.182"/>
</testsuite> <!-- testCases.ExecuteTask.Notification.TC014_NT_ExecuteTask_DTAfterHours -->
