<?xml version="1.0" encoding="UTF-8"?>
<!-- Generated by org.testng.reporters.JUnitReportReporter -->
<testsuite hostname="DESKTOP-VBPF5BK" failures="0" tests="1" name="testCases.TC012_WF6_SN_Yearly" time="547.172" errors="0" timestamp="2024-04-12T11:43:37 IST" skipped="0">
  <testcase classname="testCases.TC012_WF6_SN_Yearly" name="testScheduleNotify" time="547.172"/>
</testsuite> <!-- testCases.TC012_WF6_SN_Yearly -->
