<?xml version="1.0" encoding="UTF-8"?>
<!-- Generated by org.testng.reporters.JUnitReportReporter -->
<testsuite hostname="DESKTOP-H290O4K" failures="0" tests="1" name="testCases.ExecuteTask.Notification.TC041_NT_ET_ETRM_MTAfterHours" time="1767.508" errors="0" timestamp="2024-05-30T14:13:44 IST" skipped="0">
  <testcase classname="testCases.ExecuteTask.Notification.TC041_NT_ET_ETRM_MTAfterHours" name="testET_NT_ETRM_MTAfterHours" time="1767.508"/>
</testsuite> <!-- testCases.ExecuteTask.Notification.TC041_NT_ET_ETRM_MTAfterHours -->
