<?xml version="1.0" encoding="UTF-8"?>
<!-- Generated by org.testng.reporters.JUnitReportReporter -->
<testsuite hostname="DESKTOP-H290O4K" failures="0" tests="1" name="testCases.AddNewUser" time="518.676" errors="0" timestamp="2024-06-22T15:04:53 IST" skipped="0">
  <testcase classname="testCases.AddNewUser" name="testWebFormUser" time="518.676"/>
</testsuite> <!-- testCases.AddNewUser -->
