<?xml version="1.0" encoding="UTF-8"?>
<!-- Generated by org.testng.reporters.JUnitReportReporter -->
<testsuite hostname="DESKTOP-T7IEB3S" failures="0" tests="1" name="testCases.WebForms.TC030_WF_RRY_OneYN_TwoY" time="136.490" errors="0" timestamp="2025-01-04T13:00:00 IST" skipped="0">
  <testcase classname="testCases.WebForms.TC030_WF_RRY_OneYN_TwoY" name="testWebFormUser" time="136.490"/>
</testsuite> <!-- testCases.WebForms.TC030_WF_RRY_OneYN_TwoY -->
