<?xml version="1.0" encoding="UTF-8"?>
<!-- Generated by org.testng.reporters.JUnitReportReporter -->
<testsuite hostname="DESKTOP-VBPF5BK" failures="0" tests="1" name="testCases.CheckWinHandles" time="46.245" errors="0" timestamp="2024-04-16T13:34:50 IST" skipped="0">
  <testcase classname="testCases.CheckWinHandles" name="testControl" time="46.245"/>
</testsuite> <!-- testCases.CheckWinHandles -->
