<?xml version="1.0" encoding="UTF-8"?>
<!-- Generated by org.testng.reporters.JUnitReportReporter -->
<testsuite hostname="DESKTOP-H290O4K" failures="0" tests="1" name="testCases.ExecuteTask.Notification.TC039_NT_ET_ETRM_CTAfterDays" time="1775.498" errors="0" timestamp="2024-05-30T12:35:35 IST" skipped="0">
  <testcase classname="testCases.ExecuteTask.Notification.TC039_NT_ET_ETRM_CTAfterDays" name="testExecuteTask_NT_CTAfterDays" time="1775.498"/>
</testsuite> <!-- testCases.ExecuteTask.Notification.TC039_NT_ET_ETRM_CTAfterDays -->
