<?xml version="1.0" encoding="UTF-8"?>
<!-- Generated by org.testng.reporters.JUnitReportReporter -->
<testsuite hostname="DESKTOP-T7IEB3S" failures="0" tests="1" name="testCases.WebForms.TC031_WF_RRYN_OneN_TwoN" time="197.066" errors="0" timestamp="2025-01-03T18:54:55 IST" skipped="0">
  <testcase classname="testCases.WebForms.TC031_WF_RRYN_OneN_TwoN" name="testWebFormUser" time="197.066"/>
</testsuite> <!-- testCases.WebForms.TC031_WF_RRYN_OneN_TwoN -->
