<?xml version="1.0" encoding="UTF-8"?>
<!-- Generated by org.testng.reporters.JUnitReportReporter -->
<testsuite hostname="DESKTOP-T7IEB3S" failures="0" tests="1" name="testCases.WebForms.TC011_WF_RRUserN_OneConditionN" time="393.958" errors="0" timestamp="2024-07-04T14:35:09 IST" skipped="0">
  <testcase classname="testCases.WebForms.TC011_WF_RRUserN_OneConditionN" name="testWebFormUser" time="393.958"/>
</testsuite> <!-- testCases.WebForms.TC011_WF_RRUserN_OneConditionN -->
