<?xml version="1.0" encoding="UTF-8"?>
<!-- Generated by org.testng.reporters.JUnitReportReporter -->
<testsuite hostname="DESKTOP-T7IEB3S" failures="0" tests="1" name="testCases.WebForms.TC013_WF_RRN_OneN_TwoN" time="391.528" errors="0" timestamp="2024-07-05T18:16:32 IST" skipped="0">
  <testcase classname="testCases.WebForms.TC013_WF_RRN_OneN_TwoN" name="testWebFormUser" time="391.528"/>
</testsuite> <!-- testCases.WebForms.TC013_WF_RRN_OneN_TwoN -->
