<?xml version="1.0" encoding="UTF-8"?>
<!-- Generated by org.testng.reporters.JUnitReportReporter -->
<testsuite hostname="DESKTOP-H290O4K" failures="0" tests="1" name="testCases.TC001_WF1_Send_Notify_ETR_S" time="2598.377" errors="0" timestamp="2024-05-24T11:50:37 IST" skipped="0">
  <testcase classname="testCases.TC001_WF1_Send_Notify_ETR_S" name="testNotifyETR_S" time="2598.377"/>
</testsuite> <!-- testCases.TC001_WF1_Send_Notify_ETR_S -->
