<?xml version="1.0" encoding="UTF-8"?>
<!-- Generated by org.testng.reporters.JUnitReportReporter -->
<testsuite hostname="DESKTOP-H290O4K" failures="0" tests="1" name="testCases.TC004_WF4_Send_SMS_OOF_S" time="1325.146" errors="0" timestamp="2025-01-12T16:07:31 IST" skipped="0">
  <testcase classname="testCases.TC004_WF4_Send_SMS_OOF_S" name="test_Send_SMS_OOF_S_Test" time="1325.146"/>
</testsuite> <!-- testCases.TC004_WF4_Send_SMS_OOF_S -->
