<?xml version="1.0" encoding="UTF-8"?>
<!-- Generated by org.testng.reporters.JUnitReportReporter -->
<testsuite hostname="DESKTOP-H290O4K" failures="0" tests="1" name="testCases.WebForms.TC029_WF_RRY_OneYN_TwoYN" time="85.543" errors="0" timestamp="2024-06-28T17:46:24 IST" skipped="0">
  <testcase classname="testCases.WebForms.TC029_WF_RRY_OneYN_TwoYN" name="testWebFormUser" time="85.543"/>
</testsuite> <!-- testCases.WebForms.TC029_WF_RRY_OneYN_TwoYN -->
