<?xml version="1.0" encoding="UTF-8"?>
<!-- Generated by org.testng.reporters.JUnitReportReporter -->
<testsuite hostname="DESKTOP-H290O4K" failures="0" tests="1" name="testCases.ExecuteTask.Notification.TC034_NT_ET_ETRS_DTAfterHours" time="1429.837" errors="0" timestamp="2024-05-28T13:33:45 IST" skipped="0">
  <testcase classname="testCases.ExecuteTask.Notification.TC034_NT_ET_ETRS_DTAfterHours" name="testExecuteTask_DTAfterHours" time="1429.837"/>
</testsuite> <!-- testCases.ExecuteTask.Notification.TC034_NT_ET_ETRS_DTAfterHours -->
