<?xml version="1.0" encoding="UTF-8"?>
<!-- Generated by org.testng.reporters.JUnitReportReporter -->
<testsuite hostname="DESKTOP-H290O4K" failures="0" tests="1" name="testCases.TC013_CreateEntity_OOFS_NewValues" time="1262.538" errors="0" timestamp="2024-06-04T12:10:06 IST" skipped="0">
  <testcase classname="testCases.TC013_CreateEntity_OOFS_NewValues" name="testCreateEntity_OOFS_NewValues" time="1262.538"/>
</testsuite> <!-- testCases.TC013_CreateEntity_OOFS_NewValues -->
