<?xml version="1.0" encoding="UTF-8"?>
<!-- Generated by org.testng.reporters.JUnitReportReporter -->
<testsuite hostname="DESKTOP-H290O4K" failures="0" tests="1" name="testCases.WebForms.TC033_WF_RRYN_OneN_TwoY" time="182.844" errors="0" timestamp="2024-06-28T11:34:45 IST" skipped="0">
  <testcase classname="testCases.WebForms.TC033_WF_RRYN_OneN_TwoY" name="testWebFormUser" time="182.844"/>
</testsuite> <!-- testCases.WebForms.TC033_WF_RRYN_OneN_TwoY -->
