<?xml version="1.0" encoding="UTF-8"?>
<!-- Generated by org.testng.reporters.JUnitReportReporter -->
<testsuite hostname="DESKTOP-T7IEB3S" failures="0" tests="1" name="testCases.ExecuteTask.Notification.TC020_NT_ET_ETRS_CTAfterHours" time="1674.208" errors="0" timestamp="2024-07-31T15:15:12 IST" skipped="0">
  <testcase classname="testCases.ExecuteTask.Notification.TC020_NT_ET_ETRS_CTAfterHours" name="testExecuteTask_NT_CTAfterHours" time="1674.208"/>
</testsuite> <!-- testCases.ExecuteTask.Notification.TC020_NT_ET_ETRS_CTAfterHours -->
