<?xml version="1.0" encoding="UTF-8"?>
<!-- Generated by org.testng.reporters.JUnitReportReporter -->
<testsuite hostname="DESKTOP-H290O4K" failures="0" tests="1" name="testCases.ExecuteTask.Notification.TC004_NT_ET_OOFS_MTAfterMinutes" time="1363.820" errors="0" timestamp="2025-01-13T19:51:20 IST" skipped="0">
  <testcase classname="testCases.ExecuteTask.Notification.TC004_NT_ET_OOFS_MTAfterMinutes" name="testExecuteTask_NT_MTAfterMinutes" time="1363.820"/>
</testsuite> <!-- testCases.ExecuteTask.Notification.TC004_NT_ET_OOFS_MTAfterMinutes -->
