<?xml version="1.0" encoding="UTF-8"?>
<!-- Generated by org.testng.reporters.JUnitReportReporter -->
<testsuite hostname="DESKTOP-T7IEB3S" failures="0" tests="1" name="testCases.ExecuteTask.Notification.TC001_NT_ET_OOFS_CTAfterMinutes" time="2001.739" errors="0" timestamp="2024-07-31T12:27:29 IST" skipped="0">
  <testcase classname="testCases.ExecuteTask.Notification.TC001_NT_ET_OOFS_CTAfterMinutes" name="testExecuteTask_NT_CTAfterMinutes" time="2001.739"/>
</testsuite> <!-- testCases.ExecuteTask.Notification.TC001_NT_ET_OOFS_CTAfterMinutes -->
