<?xml version="1.0" encoding="UTF-8"?>
<!-- Generated by org.testng.reporters.JUnitReportReporter -->
<testsuite hostname="DESKTOP-VBPF5BK" failures="0" tests="1" name="testCases.TC001_WF1_Send_Notify_ETR_S" time="1835.426" errors="0" timestamp="2024-04-25T15:25:05 IST" skipped="0">
  <testcase classname="testCases.TC001_WF1_Send_Notify_ETR_S" name="testNotifyETR_S" time="1835.426"/>
</testsuite> <!-- testCases.TC001_WF1_Send_Notify_ETR_S -->
