<?xml version="1.0" encoding="UTF-8"?>
<!-- Generated by org.testng.reporters.JUnitReportReporter -->
<testsuite hostname="DESKTOP-H290O4K" failures="0" tests="1" name="testCases.ExecuteTask.Notification.TC007_NT_ExecuteTask_DateAfterDays" time="331.147" errors="0" timestamp="2024-05-07T16:32:47 IST" skipped="0">
  <testcase classname="testCases.ExecuteTask.Notification.TC007_NT_ExecuteTask_DateAfterDays" name="testExecuteTask_DateAfterDays" time="331.147"/>
</testsuite> <!-- testCases.ExecuteTask.Notification.TC007_NT_ExecuteTask_DateAfterDays -->
