<?xml version="1.0" encoding="UTF-8"?>
<!-- Generated by org.testng.reporters.JUnitReportReporter -->
<testsuite hostname="DESKTOP-T7IEB3S" failures="1" tests="1" name="testCases.WebForms.TC028_WF_RRY_OneYN_TwoN" time="11.675" errors="0" timestamp="2024-07-08T11:37:22 IST" skipped="0">
  <testcase classname="testCases.WebForms.TC028_WF_RRY_OneYN_TwoN" name="testWebFormUser" time="11.675">
    <failure message="Invalid CRM Url data:," type="java.lang.AssertionError">
      <![CDATA[java.lang.AssertionError: Invalid CRM Url data:,
at org.junit.Assert.fail(Assert.java:89)
at pageObjects.LoginPage.isLoginPageDisplayed(LoginPage.java:93)
at utilities.CRMReUsables.fLoginCRM(CRMReUsables.java:718)
at testCases.WebForms.TC028_WF_RRY_OneYN_TwoN.testWebFormUser(TC028_WF_RRY_OneYN_TwoN.java:128)
at java.base/jdk.internal.reflect.DirectMethodHandleAccessor.invoke(DirectMethodHandleAccessor.java:103)
at java.base/java.lang.reflect.Method.invoke(Method.java:580)
at org.testng.internal.invokers.MethodInvocationHelper.invokeMethod(MethodInvocationHelper.java:139)
at org.testng.internal.invokers.TestInvoker.invokeMethod(TestInvoker.java:664)
at org.testng.internal.invokers.TestInvoker.invokeTestMethod(TestInvoker.java:227)
at org.testng.internal.invokers.MethodRunner.runInSequence(MethodRunner.java:50)
at org.testng.internal.invokers.TestInvoker$MethodInvocationAgent.invoke(TestInvoker.java:957)
at org.testng.internal.invokers.TestInvoker.invokeTestMethods(TestInvoker.java:200)
at org.testng.internal.invokers.TestMethodWorker.invokeTestMethods(TestMethodWorker.java:148)
at org.testng.internal.invokers.TestMethodWorker.run(TestMethodWorker.java:128)
at java.base/java.util.ArrayList.forEach(ArrayList.java:1596)
at org.testng.TestRunner.privateRun(TestRunner.java:848)
at org.testng.TestRunner.run(TestRunner.java:621)
at org.testng.SuiteRunner.runTest(SuiteRunner.java:443)
at org.testng.SuiteRunner$SuiteWorker.run(SuiteRunner.java:481)
at org.testng.internal.thread.ThreadUtil.lambda$execute$0(ThreadUtil.java:58)
at java.base/java.util.concurrent.FutureTask.run(FutureTask.java:317)
at java.base/java.util.concurrent.ThreadPoolExecutor.runWorker(ThreadPoolExecutor.java:1144)
at java.base/java.util.concurrent.ThreadPoolExecutor$Worker.run(ThreadPoolExecutor.java:642)
at java.base/java.lang.Thread.run(Thread.java:1583)
]]>
    </failure>
  </testcase> <!-- testWebFormUser -->
</testsuite> <!-- testCases.WebForms.TC028_WF_RRY_OneYN_TwoN -->
