<?xml version="1.0" encoding="UTF-8"?>
<!-- Generated by org.testng.reporters.JUnitReportReporter -->
<testsuite hostname="DESKTOP-H290O4K" failures="0" tests="1" name="testCases.ExecuteTask.Notification.TC017_NT_ExecuteTask_DTBeforeHours" time="951.805" errors="0" timestamp="2024-05-10T14:03:19 IST" skipped="0">
  <testcase classname="testCases.ExecuteTask.Notification.TC017_NT_ExecuteTask_DTBeforeHours" name="testExecuteTask__DTBeforeHours" time="951.805"/>
</testsuite> <!-- testCases.ExecuteTask.Notification.TC017_NT_ExecuteTask_DTBeforeHours -->
