<?xml version="1.0" encoding="UTF-8"?>
<!-- Generated by org.testng.reporters.JUnitReportReporter -->
<testsuite hostname="DESKTOP-H290O4K" failures="0" tests="1" name="testCases.WebForms.TC022_WF_RRY_OneN_TwoN" time="161.462" errors="0" timestamp="2024-06-26T12:09:28 IST" skipped="0">
  <testcase classname="testCases.WebForms.TC022_WF_RRY_OneN_TwoN" name="testWebFormUser" time="161.462"/>
</testsuite> <!-- testCases.WebForms.TC022_WF_RRY_OneN_TwoN -->
