<?xml version="1.0" encoding="UTF-8"?>
<!-- Generated by org.testng.reporters.JUnitReportReporter -->
<testsuite hostname="DESKTOP-T7IEB3S" failures="0" tests="1" name="testCases.WebForms.TC018_WF_RRN_OneY_TwoY" time="304.648" errors="0" timestamp="2024-07-06T14:41:35 IST" skipped="0">
  <testcase classname="testCases.WebForms.TC018_WF_RRN_OneY_TwoY" name="testWebFormUser" time="304.648"/>
</testsuite> <!-- testCases.WebForms.TC018_WF_RRN_OneY_TwoY -->
