<?xml version="1.0" encoding="UTF-8"?>
<!-- Generated by org.testng.reporters.JUnitReportReporter -->
<testsuite hostname="DESKTOP-H290O4K" failures="0" tests="1" name="testCases.TC022_CreateEntity_ETRM_NewValues" time="1616.798" errors="0" timestamp="2024-06-06T15:54:03 IST" skipped="0">
  <testcase classname="testCases.TC022_CreateEntity_ETRM_NewValues" name="testCreateEntity_ETRM_DefaultValues" time="1616.798"/>
</testsuite> <!-- testCases.TC022_CreateEntity_ETRM_NewValues -->
