<?xml version="1.0" encoding="UTF-8"?>
<!-- Generated by org.testng.reporters.JUnitReportReporter -->
<testsuite hostname="DESKTOP-VBPF5BK" failures="0" tests="1" name="testCases.TC015_CreateEntity_OOFS_SuccessUpdate" time="1412.305" errors="0" timestamp="2024-04-09T17:09:09 IST" skipped="0">
  <testcase classname="testCases.TC015_CreateEntity_OOFS_SuccessUpdate" name="testCreateEntity_OOFS_SuccessUpdate" time="1412.305"/>
</testsuite> <!-- testCases.TC015_CreateEntity_OOFS_SuccessUpdate -->
