<?xml version="1.0" encoding="UTF-8"?>
<!-- Generated by org.testng.reporters.JUnitReportReporter -->
<testsuite hostname="DESKTOP-H290O4K" failures="0" tests="1" name="testCases.WebForms.TC001_WF_AllValidUser_NoCondition" time="219.936" errors="0" timestamp="2024-06-18T12:31:57 IST" skipped="0">
  <testcase classname="testCases.WebForms.TC001_WF_AllValidUser_NoCondition" name="testWebFormUser" time="219.936"/>
</testsuite> <!-- testCases.WebForms.TC001_WF_AllValidUser_NoCondition -->
