<?xml version="1.0" encoding="UTF-8"?>
<!-- Generated by org.testng.reporters.JUnitReportReporter -->
<testsuite hostname="DESKTOP-H290O4K" failures="0" tests="1" name="testCases.WebForms.TC039_WF_RRYN_OneYN_TwoY" time="234.814" errors="0" timestamp="2024-06-28T16:34:30 IST" skipped="0">
  <testcase classname="testCases.WebForms.TC039_WF_RRYN_OneYN_TwoY" name="testWebFormUser" time="234.814"/>
</testsuite> <!-- testCases.WebForms.TC039_WF_RRYN_OneYN_TwoY -->
