<?xml version="1.0" encoding="UTF-8"?>
<!-- Generated by org.testng.reporters.JUnitReportReporter -->
<testsuite hostname="DESKTOP-VBPF5BK" failures="0" tests="1" name="testCases.TC007_WF1_SN_Hourly" time="459.162" errors="0" timestamp="2024-04-11T13:00:44 IST" skipped="0">
  <testcase classname="testCases.TC007_WF1_SN_Hourly" name="testScheduleNotify" time="459.162"/>
</testsuite> <!-- testCases.TC007_WF1_SN_Hourly -->
