<?xml version="1.0" encoding="UTF-8"?>
<!-- Generated by org.testng.reporters.JUnitReportReporter -->
<testsuite hostname="DESKTOP-H290O4K" failures="0" tests="1" name="testCases.WebForms.TC011_WF_RRUserN_OneConditionN" time="186.771" errors="0" timestamp="2024-06-22T13:14:55 IST" skipped="0">
  <testcase classname="testCases.WebForms.TC011_WF_RRUserN_OneConditionN" name="testWebFormUser" time="186.771"/>
</testsuite> <!-- testCases.WebForms.TC011_WF_RRUserN_OneConditionN -->
