<?xml version="1.0" encoding="UTF-8"?>
<!-- Generated by org.testng.reporters.JUnitReportReporter -->
<testsuite hostname="DESKTOP-H290O4K" failures="0" tests="1" name="testCases.WebForms.TC016_WF_RRN_OneY_TwoN" time="374.647" errors="0" timestamp="2024-06-25T14:07:08 IST" skipped="0">
  <testcase classname="testCases.WebForms.TC016_WF_RRN_OneY_TwoN" name="testWebFormUser" time="374.647"/>
</testsuite> <!-- testCases.WebForms.TC016_WF_RRN_OneY_TwoN -->
