<?xml version="1.0" encoding="UTF-8"?>
<!-- Generated by org.testng.reporters.JUnitReportReporter -->
<testsuite hostname="DESKTOP-VBPF5BK" failures="0" tests="1" name="testCases.TC018_CreateEntity_OOFS_MultiUpdOnFailCase" time="556.881" errors="0" timestamp="2024-04-06T12:34:10 IST" skipped="0">
  <testcase classname="testCases.TC018_CreateEntity_OOFS_MultiUpdOnFailCase" name="tCreateEntity_OOFS_MultiUpdateOnFailCase" time="556.881"/>
</testsuite> <!-- testCases.TC018_CreateEntity_OOFS_MultiUpdOnFailCase -->
