<?xml version="1.0" encoding="UTF-8"?>
<!-- Generated by org.testng.reporters.JUnitReportReporter -->
<testsuite hostname="DESKTOP-H290O4K" failures="0" tests="1" name="testCases.WebForms.TC032_WF_RRYN_OneN_TwoYN" time="184.538" errors="0" timestamp="2024-06-28T11:18:16 IST" skipped="0">
  <testcase classname="testCases.WebForms.TC032_WF_RRYN_OneN_TwoYN" name="testWebFormUser" time="184.538"/>
</testsuite> <!-- testCases.WebForms.TC032_WF_RRYN_OneN_TwoYN -->
