<?xml version="1.0" encoding="UTF-8"?>
<!-- Generated by org.testng.reporters.JUnitReportReporter -->
<testsuite hostname="DESKTOP-H290O4K" failures="0" tests="1" name="testCases.TC011_WF5_SN_MonthByDate" time="462.543" errors="0" timestamp="2024-05-28T18:39:23 IST" skipped="0">
  <testcase classname="testCases.TC011_WF5_SN_MonthByDate" name="testScheduleNotify" time="462.543"/>
</testsuite> <!-- testCases.TC011_WF5_SN_MonthByDate -->
