<?xml version="1.0" encoding="UTF-8"?>
<!-- Generated by org.testng.reporters.JUnitReportReporter -->
<testsuite hostname="DESKTOP-T7IEB3S" failures="0" tests="1" name="testCases.TC019_CreateEntity_ETRS_NewValues" time="1983.948" errors="0" timestamp="2024-07-16T15:24:54 IST" skipped="0">
  <testcase classname="testCases.TC019_CreateEntity_ETRS_NewValues" name="testCreateEntity_OOFS_NewValues" time="1983.948"/>
</testsuite> <!-- testCases.TC019_CreateEntity_ETRS_NewValues -->
