<?xml version="1.0" encoding="UTF-8"?>
<!-- Generated by org.testng.reporters.JUnitReportReporter -->
<testsuite hostname="DESKTOP-T7IEB3S" failures="0" tests="1" name="testCases.TC009_WF3_SN_Weekly" time="489.059" errors="0" timestamp="2024-07-11T12:04:12 IST" skipped="0">
  <testcase classname="testCases.TC009_WF3_SN_Weekly" name="test_SN_Weekly" time="489.059"/>
</testsuite> <!-- testCases.TC009_WF3_SN_Weekly -->
