<?xml version="1.0" encoding="UTF-8"?>
<!-- Generated by org.testng.reporters.JUnitReportReporter -->
<testsuite hostname="DESKTOP-H290O4K" failures="0" tests="1" name="testCases.ExecuteTask.Notification.TC042_NT_ET_ETRM_MTAfterDays" time="1763.737" errors="0" timestamp="2024-05-30T14:49:22 IST" skipped="0">
  <testcase classname="testCases.ExecuteTask.Notification.TC042_NT_ET_ETRM_MTAfterDays" name="testET_NT_ETRM_MTAfterDays" time="1763.737"/>
</testsuite> <!-- testCases.ExecuteTask.Notification.TC042_NT_ET_ETRM_MTAfterDays -->
