<?xml version="1.0" encoding="UTF-8"?>
<!-- Generated by org.testng.reporters.JUnitReportReporter -->
<testsuite hostname="DESKTOP-H290O4K" failures="0" tests="1" name="testCases.WebForms.TC009_WF_RRUserN_OneConditionYN" time="728.222" errors="0" timestamp="2024-06-20T15:51:52 IST" skipped="0">
  <testcase classname="testCases.WebForms.TC009_WF_RRUserN_OneConditionYN" name="testWebFormUser" time="728.222"/>
</testsuite> <!-- testCases.WebForms.TC009_WF_RRUserN_OneConditionYN -->
