<?xml version="1.0" encoding="UTF-8"?>
<!-- Generated by org.testng.reporters.JUnitReportReporter -->
<testsuite hostname="DESKTOP-H290O4K" failures="0" tests="1" name="testCases.ExecuteTask.Notification.TC023_NT_ET_ETRS_MTAfterHours" time="1727.404" errors="0" timestamp="2024-05-21T17:13:53 IST" skipped="0">
  <testcase classname="testCases.ExecuteTask.Notification.TC023_NT_ET_ETRS_MTAfterHours" name="testExecuteTask_NT_MTAfterMinutes" time="1727.404"/>
</testsuite> <!-- testCases.ExecuteTask.Notification.TC023_NT_ET_ETRS_MTAfterHours -->
