<?xml version="1.0" encoding="UTF-8"?>
<!-- Generated by org.testng.reporters.JUnitReportReporter -->
<testsuite hostname="DESKTOP-T7IEB3S" failures="0" tests="1" name="testCases.TC007_WF1_SN_Hourly" time="584.372" errors="0" timestamp="2025-01-02T12:19:41 IST" skipped="0">
  <testcase classname="testCases.TC007_WF1_SN_Hourly" name="testScheduleNotify" time="584.372"/>
</testsuite> <!-- testCases.TC007_WF1_SN_Hourly -->
