<?xml version="1.0" encoding="UTF-8"?>
<!-- Generated by org.testng.reporters.JUnitReportReporter -->
<testsuite hostname="DESKTOP-H290O4K" failures="0" tests="1" name="testCases.ExecuteTask.Notification.TC031_NT_ET_ETRS_DTAfterMinutes" time="1429.862" errors="0" timestamp="2024-05-27T15:36:24 IST" skipped="0">
  <testcase classname="testCases.ExecuteTask.Notification.TC031_NT_ET_ETRS_DTAfterMinutes" name="testExecuteTask__DTAfterMinutes" time="1429.862"/>
</testsuite> <!-- testCases.ExecuteTask.Notification.TC031_NT_ET_ETRS_DTAfterMinutes -->
