<?xml version="1.0" encoding="UTF-8"?>
<!-- Generated by org.testng.reporters.JUnitReportReporter -->
<testsuite hostname="DESKTOP-VBPF5BK" failures="0" tests="1" name="testCases.TC014_CreateEntity_OOFS_DefaultValues" time="834.415" errors="0" timestamp="2024-04-06T11:43:38 IST" skipped="0">
  <testcase classname="testCases.TC014_CreateEntity_OOFS_DefaultValues" name="testCreateEntity_DefaultValues_OOF_S" time="834.415"/>
</testsuite> <!-- testCases.TC014_CreateEntity_OOFS_DefaultValues -->
