<?xml version="1.0" encoding="UTF-8"?>
<!-- Generated by org.testng.reporters.JUnitReportReporter -->
<testsuite hostname="DESKTOP-T7IEB3S" failures="0" tests="1" name="testCases.TC014_CreateEntity_OOFS_DefaultValues" time="1076.316" errors="0" timestamp="2024-07-12T15:22:44 IST" skipped="0">
  <testcase classname="testCases.TC014_CreateEntity_OOFS_DefaultValues" name="testCreateEntity_DefaultValues_OOF_S" time="1076.316"/>
</testsuite> <!-- testCases.TC014_CreateEntity_OOFS_DefaultValues -->
