<?xml version="1.0" encoding="UTF-8"?>
<!-- Generated by org.testng.reporters.JUnitReportReporter -->
<testsuite hostname="DESKTOP-VBPF5BK" failures="0" tests="1" name="testCases.TC009_WF3_SN_Weekly" time="452.657" errors="0" timestamp="2024-04-11T18:25:17 IST" skipped="0">
  <testcase classname="testCases.TC009_WF3_SN_Weekly" name="test_SN_Weekly" time="452.657"/>
</testsuite> <!-- testCases.TC009_WF3_SN_Weekly -->
