<?xml version="1.0" encoding="UTF-8"?>
<!-- Generated by org.testng.reporters.JUnitReportReporter -->
<testsuite hostname="DESKTOP-VBPF5BK" failures="0" tests="1" name="testCases.TC010_WF4_SN_SpecificDate" time="448.789" errors="0" timestamp="2024-04-11T18:51:43 IST" skipped="0">
  <testcase classname="testCases.TC010_WF4_SN_SpecificDate" name="testScheduleNotify" time="448.789"/>
</testsuite> <!-- testCases.TC010_WF4_SN_SpecificDate -->
