<?xml version="1.0" encoding="UTF-8"?>
<!-- Generated by org.testng.reporters.JUnitReportReporter -->
<testsuite hostname="DESKTOP-T7IEB3S" failures="0" tests="1" name="testCases.WebForms.TC001_WF_RRUserY_NoCondition" time="254.885" errors="0" timestamp="2024-07-08T12:29:25 IST" skipped="0">
  <testcase classname="testCases.WebForms.TC001_WF_RRUserY_NoCondition" name="testWebFormUser" time="254.885"/>
</testsuite> <!-- testCases.WebForms.TC001_WF_RRUserY_NoCondition -->
