<?xml version="1.0" encoding="UTF-8"?>
<!-- Generated by org.testng.reporters.JUnitReportReporter -->
<testsuite hostname="DESKTOP-H290O4K" failures="0" tests="1" name="testCases.WebForms.TC008_WF_RRUserY_OneConditionYN" time="501.424" errors="0" timestamp="2024-06-20T12:48:20 IST" skipped="0">
  <testcase classname="testCases.WebForms.TC008_WF_RRUserY_OneConditionYN" name="testWebFormUser" time="501.424"/>
</testsuite> <!-- testCases.WebForms.TC008_WF_RRUserY_OneConditionYN -->
