<?xml version="1.0" encoding="UTF-8"?>
<!-- Generated by org.testng.reporters.JUnitReportReporter -->
<testsuite hostname="DESKTOP-T7IEB3S" failures="0" tests="1" name="testCases.TC013_CreateEntity_OOFS_NewValues" time="1340.471" errors="0" timestamp="2024-07-12T14:44:30 IST" skipped="0">
  <testcase classname="testCases.TC013_CreateEntity_OOFS_NewValues" name="testCreateEntity_OOFS_NewValues" time="1340.471"/>
</testsuite> <!-- testCases.TC013_CreateEntity_OOFS_NewValues -->
