<?xml version="1.0" encoding="UTF-8"?>
<!-- Generated by org.testng.reporters.JUnitReportReporter -->
<testsuite hostname="DESKTOP-H290O4K" failures="0" tests="1" name="testCases.ExecuteTask.Notification.TC012_NT_ExecuteTask_TimeBeforeMinutes" time="908.810" errors="0" timestamp="2024-05-09T14:15:08 IST" skipped="0">
  <testcase classname="testCases.ExecuteTask.Notification.TC012_NT_ExecuteTask_TimeBeforeMinutes" name="testExecuteTask_TimeBeforeMinutes" time="908.810"/>
</testsuite> <!-- testCases.ExecuteTask.Notification.TC012_NT_ExecuteTask_TimeBeforeMinutes -->
