<?xml version="1.0" encoding="UTF-8"?>
<!-- Generated by org.testng.reporters.JUnitReportReporter -->
<testsuite hostname="DESKTOP-H290O4K" failures="0" tests="1" name="testCases.WebForms.TC025_WF_RRY_OneY_TwoN" time="134.182" errors="0" timestamp="2024-06-26T16:24:23 IST" skipped="0">
  <testcase classname="testCases.WebForms.TC025_WF_RRY_OneY_TwoN" name="testWebFormUser" time="134.182"/>
</testsuite> <!-- testCases.WebForms.TC025_WF_RRY_OneY_TwoN -->
