<?xml version="1.0" encoding="UTF-8"?>
<!-- Generated by org.testng.reporters.JUnitReportReporter -->
<testsuite hostname="DESKTOP-H290O4K" failures="0" tests="1" name="testCases.ExecuteTask.Notification.TC043_NT_ET_ETRM_DateAfterDays" time="1653.957" errors="0" timestamp="2024-05-30T15:19:31 IST" skipped="0">
  <testcase classname="testCases.ExecuteTask.Notification.TC043_NT_ET_ETRM_DateAfterDays" name="testET_NT_ETRM_DateAfterDays" time="1653.957"/>
</testsuite> <!-- testCases.ExecuteTask.Notification.TC043_NT_ET_ETRM_DateAfterDays -->
