<?xml version="1.0" encoding="UTF-8"?>
<!-- Generated by org.testng.reporters.JUnitReportReporter -->
<testsuite hostname="DESKTOP-H290O4K" failures="0" tests="1" name="testCases.ExecuteTask.Notification.TC019_NT_ET_ETRS_CTAfterMinutes" time="2033.709" errors="0" timestamp="2024-05-20T19:11:57 IST" skipped="0">
  <testcase classname="testCases.ExecuteTask.Notification.TC019_NT_ET_ETRS_CTAfterMinutes" name="testET_NT_ETRS_CTAfterMinutes" time="2033.709"/>
</testsuite> <!-- testCases.ExecuteTask.Notification.TC019_NT_ET_ETRS_CTAfterMinutes -->
