<?xml version="1.0" encoding="UTF-8"?>
<!-- Generated by org.testng.reporters.JUnitReportReporter -->
<testsuite hostname="DESKTOP-H290O4K" failures="0" tests="1" name="testCases.WebForms.TC024_WF_RRY_OneN_TwoY" time="116.600" errors="0" timestamp="2024-06-26T15:06:30 IST" skipped="0">
  <testcase classname="testCases.WebForms.TC024_WF_RRY_OneN_TwoY" name="testWebFormUser" time="116.600"/>
</testsuite> <!-- testCases.WebForms.TC024_WF_RRY_OneN_TwoY -->
