<?xml version="1.0" encoding="UTF-8"?>
<!-- Generated by org.testng.reporters.JUnitReportReporter -->
<testsuite hostname="DESKTOP-T7IEB3S" failures="0" tests="1" name="testCases.TC004_WF4_Send_SMS_OOF_S" time="2126.849" errors="0" timestamp="2024-07-10T15:25:35 IST" skipped="0">
  <testcase classname="testCases.TC004_WF4_Send_SMS_OOF_S" name="test_Send_SMS_OOF_S_Test" time="2126.849"/>
</testsuite> <!-- testCases.TC004_WF4_Send_SMS_OOF_S -->
