<?xml version="1.0" encoding="UTF-8"?>
<!-- Generated by org.testng.reporters.JUnitReportReporter -->
<testsuite hostname="DESKTOP-T7IEB3S" failures="0" tests="1" name="testCases.WebForms.TC003_WF_RRUserN_NoCondition" time="579.005" errors="0" timestamp="2024-07-17T12:22:46 IST" skipped="0">
  <testcase classname="testCases.WebForms.TC003_WF_RRUserN_NoCondition" name="testWebFormUser" time="579.005"/>
</testsuite> <!-- testCases.WebForms.TC003_WF_RRUserN_NoCondition -->
