<?xml version="1.0" encoding="UTF-8"?>
<!-- Generated by org.testng.reporters.JUnitReportReporter -->
<testsuite hostname="DESKTOP-H290O4K" failures="0" tests="1" name="testCases.ExecuteTask.Notification.TC046_NT_ET_ETRM_TimeAfterMinutes" time="1467.236" errors="0" timestamp="2024-05-31T15:40:27 IST" skipped="0">
  <testcase classname="testCases.ExecuteTask.Notification.TC046_NT_ET_ETRM_TimeAfterMinutes" name="testExecuteTask_TimeAfterMinutes" time="1467.236"/>
</testsuite> <!-- testCases.ExecuteTask.Notification.TC046_NT_ET_ETRM_TimeAfterMinutes -->
