<?xml version="1.0" encoding="UTF-8"?>
<!-- Generated by org.testng.reporters.JUnitReportReporter -->
<testsuite hostname="DESKTOP-H290O4K" failures="0" tests="1" name="testCases.ExecuteTask.Notification.TC045_NT_ET_ETRM_TimeAfterHours" time="1553.026" errors="0" timestamp="2024-05-31T13:59:00 IST" skipped="0">
  <testcase classname="testCases.ExecuteTask.Notification.TC045_NT_ET_ETRM_TimeAfterHours" name="testET_NT_ETRM_TimeAfterHours" time="1553.026"/>
</testsuite> <!-- testCases.ExecuteTask.Notification.TC045_NT_ET_ETRM_TimeAfterHours -->
