<?xml version="1.0" encoding="UTF-8"?>
<!-- Generated by org.testng.reporters.JUnitReportReporter -->
<testsuite hostname="DESKTOP-H290O4K" failures="0" tests="1" name="testCases.WebForms.TC030_WF_RRY_OneYN_TwoY" time="83.747" errors="0" timestamp="2024-06-27T15:23:38 IST" skipped="0">
  <testcase classname="testCases.WebForms.TC030_WF_RRY_OneYN_TwoY" name="testWebFormUser" time="83.747"/>
</testsuite> <!-- testCases.WebForms.TC030_WF_RRY_OneYN_TwoY -->
