<?xml version="1.0" encoding="UTF-8"?>
<!-- Generated by org.testng.reporters.JUnitReportReporter -->
<testsuite hostname="DESKTOP-H290O4K" failures="0" tests="1" name="testCases.TC009_WF3_SN_Weekly" time="439.013" errors="0" timestamp="2024-05-28T17:03:47 IST" skipped="0">
  <testcase classname="testCases.TC009_WF3_SN_Weekly" name="test_SN_Weekly" time="439.013"/>
</testsuite> <!-- testCases.TC009_WF3_SN_Weekly -->
