<?xml version="1.0" encoding="UTF-8"?>
<!-- Generated by org.testng.reporters.JUnitReportReporter -->
<testsuite hostname="DESKTOP-H290O4K" failures="0" tests="1" name="testCases.ExecuteTask.Notification.TC025_NT_ET_ETRS_DateAfterDays" time="1471.547" errors="0" timestamp="2024-05-23T15:49:00 IST" skipped="0">
  <testcase classname="testCases.ExecuteTask.Notification.TC025_NT_ET_ETRS_DateAfterDays" name="testExecuteTask_DateAfterDays" time="1471.547"/>
</testsuite> <!-- testCases.ExecuteTask.Notification.TC025_NT_ET_ETRS_DateAfterDays -->
