<?xml version="1.0" encoding="UTF-8"?>
<!-- Generated by org.testng.reporters.JUnitReportReporter -->
<testsuite hostname="DESKTOP-H290O4K" failures="0" tests="1" name="testCases.WebForms.TC029_WF_RRY_OneYN_TwoYN" time="165.449" errors="0" timestamp="2024-06-27T14:13:36 IST" skipped="0">
  <testcase classname="testCases.WebForms.TC029_WF_RRY_OneYN_TwoYN" name="testWebFormUser" time="165.449"/>
</testsuite> <!-- testCases.WebForms.TC029_WF_RRY_OneYN_TwoYN -->
