<?xml version="1.0" encoding="UTF-8"?>
<!-- Generated by org.testng.reporters.JUnitReportReporter -->
<testsuite hostname="DESKTOP-T7IEB3S" failures="0" tests="1" name="testCases.WebForms.TC006_WF_RRUserN_OneConditionY" time="284.990" errors="0" timestamp="2024-07-04T13:16:11 IST" skipped="0">
  <testcase classname="testCases.WebForms.TC006_WF_RRUserN_OneConditionY" name="testWebFormUser" time="284.990"/>
</testsuite> <!-- testCases.WebForms.TC006_WF_RRUserN_OneConditionY -->
