<?xml version="1.0" encoding="UTF-8"?>
<!-- Generated by org.testng.reporters.JUnitReportReporter -->
<testsuite hostname="DESKTOP-T7IEB3S" failures="0" tests="1" name="testCases.WebForms.TC020_WF_RRN_OneYN_TwoYN" time="211.690" errors="0" timestamp="2025-01-03T18:54:55 IST" skipped="0">
  <testcase classname="testCases.WebForms.TC020_WF_RRN_OneYN_TwoYN" name="testWebFormUser" time="211.690"/>
</testsuite> <!-- testCases.WebForms.TC020_WF_RRN_OneYN_TwoYN -->
