<?xml version="1.0" encoding="UTF-8"?>
<!-- Generated by org.testng.reporters.JUnitReportReporter -->
<testsuite hostname="DESKTOP-H290O4K" failures="0" tests="1" name="testCases.TC018_CreateEntity_OOFS_MultiUpdOnFailCase" time="2005.996" errors="0" timestamp="2024-06-04T13:54:41 IST" skipped="0">
  <testcase classname="testCases.TC018_CreateEntity_OOFS_MultiUpdOnFailCase" name="tCreateEntity_OOFS_MultiUpdateOnFailCase" time="2005.996"/>
</testsuite> <!-- testCases.TC018_CreateEntity_OOFS_MultiUpdOnFailCase -->
