<?xml version="1.0" encoding="UTF-8"?>
<!-- Generated by org.testng.reporters.JUnitReportReporter -->
<testsuite hostname="DESKTOP-T7IEB3S" failures="0" tests="1" name="testCases.WebForms.TC008_WF_RRUserY_OneConditionYN" time="423.978" errors="0" timestamp="2024-07-04T14:01:52 IST" skipped="0">
  <testcase classname="testCases.WebForms.TC008_WF_RRUserY_OneConditionYN" name="testWebFormUser" time="423.978"/>
</testsuite> <!-- testCases.WebForms.TC008_WF_RRUserY_OneConditionYN -->
