<?xml version="1.0" encoding="UTF-8"?>
<!-- Generated by org.testng.reporters.JUnitReportReporter -->
<testsuite hostname="DESKTOP-T7IEB3S" failures="0" tests="1" name="testCases.TC017_CreateEntity_OOFS_MultiSuccessCase" time="3131.609" errors="0" timestamp="2025-01-06T21:19:31 IST" skipped="0">
  <testcase classname="testCases.TC017_CreateEntity_OOFS_MultiSuccessCase" name="testCreateEntity_OOFS_SuccessUpdate" time="3131.609"/>
</testsuite> <!-- testCases.TC017_CreateEntity_OOFS_MultiSuccessCase -->
