<?xml version="1.0" encoding="UTF-8"?>
<!-- Generated by org.testng.reporters.JUnitReportReporter -->
<testsuite hostname="DESKTOP-H290O4K" failures="0" tests="1" name="testCases.ExecuteTask.Notification.TC008_NT_ExecuteTask_DateBeforeDays" time="852.636" errors="0" timestamp="2024-05-08T11:49:44 IST" skipped="0">
  <testcase classname="testCases.ExecuteTask.Notification.TC008_NT_ExecuteTask_DateBeforeDays" name="testExecuteTask_DateAfterDays" time="852.636"/>
</testsuite> <!-- testCases.ExecuteTask.Notification.TC008_NT_ExecuteTask_DateBeforeDays -->
