<?xml version="1.0" encoding="UTF-8"?>
<!-- Generated by org.testng.reporters.JUnitReportReporter -->
<testsuite hostname="DESKTOP-H290O4K" failures="0" tests="1" name="testCases.TC011_WF5_SN_MonthByDate" time="507.525" errors="0" timestamp="2024-05-29T10:41:19 IST" skipped="0">
  <testcase classname="testCases.TC011_WF5_SN_MonthByDate" name="testScheduleNotify" time="507.525"/>
</testsuite> <!-- testCases.TC011_WF5_SN_MonthByDate -->
