<?xml version="1.0" encoding="UTF-8"?>
<!-- Generated by org.testng.reporters.JUnitReportReporter -->
<testsuite hostname="DESKTOP-T7IEB3S" failures="0" tests="1" name="testCases.WebForms.TC010_WF_RRUserYN_OneConditionY" time="266.274" errors="0" timestamp="2024-07-04T14:20:28 IST" skipped="0">
  <testcase classname="testCases.WebForms.TC010_WF_RRUserYN_OneConditionY" name="testWebFormUser" time="266.274"/>
</testsuite> <!-- testCases.WebForms.TC010_WF_RRUserYN_OneConditionY -->
