<?xml version="1.0" encoding="UTF-8"?>
<!-- Generated by org.testng.reporters.JUnitReportReporter -->
<testsuite hostname="DESKTOP-H290O4K" failures="0" tests="1" name="testCases.AddNewUser" time="294.222" errors="0" timestamp="2024-07-03T17:52:56 IST" skipped="0">
  <testcase classname="testCases.AddNewUser" name="testWebFormUser" time="294.222"/>
</testsuite> <!-- testCases.AddNewUser -->
