<?xml version="1.0" encoding="UTF-8"?>
<!-- Generated by org.testng.reporters.JUnitReportReporter -->
<testsuite hostname="DESKTOP-VBPF5BK" failures="0" tests="1" name="testCases.ExecuteTask.Notification.TC001_NT_ExecuteTask_CTAfterMinutes" time="152.407" errors="0" timestamp="2024-04-27T17:54:42 IST" skipped="0">
  <testcase classname="testCases.ExecuteTask.Notification.TC001_NT_ExecuteTask_CTAfterMinutes" name="testExecuteTask_NT_CTAfterMinutes" time="152.407"/>
</testsuite> <!-- testCases.ExecuteTask.Notification.TC001_NT_ExecuteTask_CTAfterMinutes -->
