<?xml version="1.0" encoding="UTF-8"?>
<!-- Generated by org.testng.reporters.JUnitReportReporter -->
<testsuite hostname="DESKTOP-H290O4K" failures="0" tests="1" name="testCases.WebForms.TC027_WF_RRY_OneY_TwoY" time="301.520" errors="0" timestamp="2024-06-26T17:36:49 IST" skipped="0">
  <testcase classname="testCases.WebForms.TC027_WF_RRY_OneY_TwoY" name="testWebFormUser" time="301.520"/>
</testsuite> <!-- testCases.WebForms.TC027_WF_RRY_OneY_TwoY -->
