<?xml version="1.0" encoding="UTF-8"?>
<!-- Generated by org.testng.reporters.JUnitReportReporter -->
<testsuite hostname="DESKTOP-T7IEB3S" failures="0" tests="1" name="testCases.WebForms.TC016_WF_RRN_OneY_TwoN" time="415.234" errors="0" timestamp="2024-07-17T17:36:33 IST" skipped="0">
  <testcase classname="testCases.WebForms.TC016_WF_RRN_OneY_TwoN" name="testWebFormUser" time="415.234"/>
</testsuite> <!-- testCases.WebForms.TC016_WF_RRN_OneY_TwoN -->
