<?xml version="1.0" encoding="UTF-8"?>
<!-- Generated by org.testng.reporters.JUnitReportReporter -->
<testsuite hostname="DESKTOP-H290O4K" failures="0" tests="1" name="testCases.SelectWebFormName" time="33.813" errors="0" timestamp="2024-06-12T17:06:31 IST" skipped="0">
  <testcase classname="testCases.SelectWebFormName" name="test" time="33.813"/>
</testsuite> <!-- testCases.SelectWebFormName -->
