<?xml version="1.0" encoding="UTF-8"?>
<!-- Generated by org.testng.reporters.JUnitReportReporter -->
<testsuite hostname="DESKTOP-H290O4K" failures="0" tests="1" name="testCases.ExecuteTask.Notification.TC033_NT_ET_ETRS_DTBeforeHours" time="1430.360" errors="0" timestamp="2024-05-28T12:02:13 IST" skipped="0">
  <testcase classname="testCases.ExecuteTask.Notification.TC033_NT_ET_ETRS_DTBeforeHours" name="testExecuteTask__DTBeforeHours" time="1430.360"/>
</testsuite> <!-- testCases.ExecuteTask.Notification.TC033_NT_ET_ETRS_DTBeforeHours -->
