<?xml version="1.0" encoding="UTF-8"?>
<!-- Generated by org.testng.reporters.JUnitReportReporter -->
<testsuite hostname="DESKTOP-H290O4K" failures="0" tests="1" name="testCases.ExecuteTask.Notification.TC028_NT_ET_ETRS_TimeAfterMinutes" time="1352.381" errors="0" timestamp="2024-05-24T14:26:00 IST" skipped="0">
  <testcase classname="testCases.ExecuteTask.Notification.TC028_NT_ET_ETRS_TimeAfterMinutes" name="testExecuteTask_TimeBeforeMinutes" time="1352.381"/>
</testsuite> <!-- testCases.ExecuteTask.Notification.TC028_NT_ET_ETRS_TimeAfterMinutes -->
