<?xml version="1.0" encoding="UTF-8"?>
<!-- Generated by org.testng.reporters.JUnitReportReporter -->
<testsuite hostname="DESKTOP-H290O4K" failures="0" tests="1" name="testCases.ExecuteTask.Notification.TC027_NT_ET_ETRS_TimeBeforeMinutes" time="1366.233" errors="0" timestamp="2024-05-24T12:58:26 IST" skipped="0">
  <testcase classname="testCases.ExecuteTask.Notification.TC027_NT_ET_ETRS_TimeBeforeMinutes" name="testExecuteTask_TimeBeforeMinutes" time="1366.233"/>
</testsuite> <!-- testCases.ExecuteTask.Notification.TC027_NT_ET_ETRS_TimeBeforeMinutes -->
