<?xml version="1.0" encoding="UTF-8"?>
<!-- Generated by org.testng.reporters.JUnitReportReporter -->
<testsuite hostname="DESKTOP-T7IEB3S" failures="0" tests="1" name="testCases.WebForms.TC021_WF_RRN_OneYN_TwoY" time="292.096" errors="0" timestamp="2024-07-06T16:08:45 IST" skipped="0">
  <testcase classname="testCases.WebForms.TC021_WF_RRN_OneYN_TwoY" name="testWebFormUser" time="292.096"/>
</testsuite> <!-- testCases.WebForms.TC021_WF_RRN_OneYN_TwoY -->
