<?xml version="1.0" encoding="UTF-8"?>
<!-- Generated by org.testng.reporters.JUnitReportReporter -->
<testsuite hostname="DESKTOP-H290O4K" failures="0" tests="1" name="testCases.WebForms.TC018_WF_RRN_OneY_TwoY" time="359.984" errors="0" timestamp="2024-06-25T15:44:33 IST" skipped="0">
  <testcase classname="testCases.WebForms.TC018_WF_RRN_OneY_TwoY" name="testWebFormUser" time="359.984"/>
</testsuite> <!-- testCases.WebForms.TC018_WF_RRN_OneY_TwoY -->
