<?xml version="1.0" encoding="UTF-8"?>
<!-- Generated by org.testng.reporters.JUnitReportReporter -->
<testsuite hostname="DESKTOP-T7IEB3S" failures="0" tests="1" name="testCases.WebForms.TC024_WF_RRY_OneN_TwoY" time="256.912" errors="0" timestamp="2024-07-05T20:53:40 IST" skipped="0">
  <testcase classname="testCases.WebForms.TC024_WF_RRY_OneN_TwoY" name="testWebFormUser" time="256.912"/>
</testsuite> <!-- testCases.WebForms.TC024_WF_RRY_OneN_TwoY -->
