<?xml version="1.0" encoding="UTF-8"?>
<!-- Generated by org.testng.reporters.JUnitReportReporter -->
<testsuite hostname="DESKTOP-T7IEB3S" failures="0" tests="1" name="testCases.WebForms.TC039_WF_RRYN_OneYN_TwoY" time="140.455" errors="0" timestamp="2025-01-04T13:00:00 IST" skipped="0">
  <testcase classname="testCases.WebForms.TC039_WF_RRYN_OneYN_TwoY" name="testWebFormUser" time="140.455"/>
</testsuite> <!-- testCases.WebForms.TC039_WF_RRYN_OneYN_TwoY -->
