<?xml version="1.0" encoding="UTF-8"?>
<!-- Generated by org.testng.reporters.JUnitReportReporter -->
<testsuite hostname="DESKTOP-H290O4K" failures="0" tests="1" name="testCases.ExecuteTask.Notification.TC001_NT_ET_OOFS_CTAfterMinutes" time="2604.114" errors="0" timestamp="2025-01-16T14:15:09 IST" skipped="0">
  <testcase classname="testCases.ExecuteTask.Notification.TC001_NT_ET_OOFS_CTAfterMinutes" name="testExecuteTask_NT_CTAfterMinutes" time="2604.114"/>
</testsuite> <!-- testCases.ExecuteTask.Notification.TC001_NT_ET_OOFS_CTAfterMinutes -->
