<?xml version="1.0" encoding="UTF-8"?>
<!-- Generated by org.testng.reporters.JUnitReportReporter -->
<testsuite hostname="DESKTOP-T7IEB3S" failures="0" tests="1" name="testCases.ExecuteTask.Notification.TC049_NT_ET_ETRM_DTAfterMinutes" time="1344.010" errors="0" timestamp="2024-07-18T16:13:40 IST" skipped="0">
  <testcase classname="testCases.ExecuteTask.Notification.TC049_NT_ET_ETRM_DTAfterMinutes" name="testExecuteTask__DTAfterMinutes" time="1344.010"/>
</testsuite> <!-- testCases.ExecuteTask.Notification.TC049_NT_ET_ETRM_DTAfterMinutes -->
