<?xml version="1.0" encoding="UTF-8"?>
<!-- Generated by org.testng.reporters.JUnitReportReporter -->
<testsuite hostname="DESKTOP-H290O4K" failures="0" tests="1" name="testCases.TC008_WF2_SN_Daily" time="447.342" errors="0" timestamp="2024-05-28T16:15:47 IST" skipped="0">
  <testcase classname="testCases.TC008_WF2_SN_Daily" name="testScheduleNotify" time="447.342"/>
</testsuite> <!-- testCases.TC008_WF2_SN_Daily -->
