<?xml version="1.0" encoding="UTF-8"?>
<!-- Generated by org.testng.reporters.JUnitReportReporter -->
<testsuite hostname="DESKTOP-H290O4K" failures="0" tests="1" name="testCases.TC006_WF6_Send_SMS_ETR_M" time="2217.164" errors="0" timestamp="2024-05-25T14:51:32 IST" skipped="0">
  <testcase classname="testCases.TC006_WF6_Send_SMS_ETR_M" name="test_SMS_ETR_M" time="2217.164"/>
</testsuite> <!-- testCases.TC006_WF6_Send_SMS_ETR_M -->
