<?xml version="1.0" encoding="UTF-8"?>
<!-- Generated by org.testng.reporters.JUnitReportReporter -->
<testsuite hostname="DESKTOP-H290O4K" failures="0" tests="1" name="testCases.WebForms.TC014_WF_RRN_OneN_TwoYN" time="215.739" errors="0" timestamp="2024-07-03T15:46:56 IST" skipped="0">
  <testcase classname="testCases.WebForms.TC014_WF_RRN_OneN_TwoYN" name="testWebFormUser" time="215.739"/>
</testsuite> <!-- testCases.WebForms.TC014_WF_RRN_OneN_TwoYN -->
