<?xml version="1.0" encoding="UTF-8"?>
<!-- Generated by org.testng.reporters.JUnitReportReporter -->
<testsuite hostname="DESKTOP-T7IEB3S" failures="0" tests="1" name="testCases.TC021_CreateEntity_ETRM_DefaultValues" time="895.498" errors="0" timestamp="2024-07-16T17:01:19 IST" skipped="0">
  <testcase classname="testCases.TC021_CreateEntity_ETRM_DefaultValues" name="testCreateEntity_ETRM_DefaultValues" time="895.498"/>
</testsuite> <!-- testCases.TC021_CreateEntity_ETRM_DefaultValues -->
